(
  "domain_status",
  {
    "facebook.com." => {
      domain_status => {
        clientDelete   => 0,
        clientTransfer => 0,
        clientUpdate   => 0,
        serverDelete   => 0,
        serverTransfer => 0,
        serverUpdate   => 0,
      },
      domain_status_metric => 0,
      whois => "   Domain Name: FACEBOOK.COM\n   Registry Domain ID: 2320948_DOMAIN_COM-VRSN\n   Registrar WHOIS Server: whois.registrarsafe.com\n   Registrar URL: http://www.registrarsafe.com\n   Updated Date: 2021-10-18T18:07:40Z\n   Creation Date: 1997-03-29T05:00:00Z\n   Registry Expiry Date: 2031-03-30T04:00:00Z\n   Registrar: RegistrarSafe, LLC\n   Registrar IANA ID: 3237\n   Registrar Abuse Contact Email: abusecomplaints\@registrarsafe.com\n   Registrar Abuse Contact Phone: +1-650-308-7004\n   Domain Status: clientDeleteProhibited https://icann.org/epp#clientDeleteProhibited\n   Domain Status: clientTransferProhibited https://icann.org/epp#clientTransferProhibited\n   Domain Status: clientUpdateProhibited https://icann.org/epp#clientUpdateProhibited\n   Domain Status: serverDeleteProhibited https://icann.org/epp#serverDeleteProhibited\n   Domain Status: serverTransferProhibited https://icann.org/epp#serverTransferProhibited\n   Domain Status: serverUpdateProhibited https://icann.org/epp#serverUpdateProhibited\n   Name Server: A.NS.FACEBOOK.COM\n   Name Server: B.NS.FACEBOOK.COM\n   Name Server: C.NS.FACEBOOK.COM\n   Name Server: D.NS.FACEBOOK.COM\n   DNSSEC: unsigned\n   URL of the ICANN Whois Inaccuracy Complaint Form: https://www.icann.org/wicf/\n>>> Last update of whois database: 2021-10-29T06:49:28Z <<<\n\nFor more information on Whois status codes, please visit https://icann.org/epp\n\nNOTICE: The expiration date displayed in this record is the date the\nregistrar's sponsorship of the domain name registration in the registry is\ncurrently set to expire. This date does not necessarily reflect the expiration\ndate of the domain name registrant's agreement with the sponsoring\nregistrar.  Users may consult the sponsoring registrar's Whois database to\nview the registrar's reported date of expiration for this registration.\n\nTERMS OF USE: You are not authorized to access or query our Whois\ndatabase through the use of electronic processes that are high-volume and\nautomated except as reasonably necessary to register domain names or\nmodify existing registrations; the Data in VeriSign Global Registry\nServices' (\"VeriSign\") Whois database is provided by VeriSign for\ninformation purposes only, and to assist persons in obtaining information\nabout or related to a domain name registration record. VeriSign does not\nguarantee its accuracy. By submitting a Whois query, you agree to abide\nby the following terms of use: You agree that you may use this Data only\nfor lawful purposes and that under no circumstances will you use this Data\nto: (1) allow, enable, or otherwise support the transmission of mass\nunsolicited, commercial advertising or solicitations via e-mail, telephone,\nor facsimile; or (2) enable high volume, automated, electronic processes\nthat apply to VeriSign (or its computer systems). The compilation,\nrepackaging, dissemination or other use of this Data is expressly\nprohibited without the prior written consent of VeriSign. You agree not to\nuse electronic processes that are automated and high-volume to access or\nquery the Whois database except as reasonably necessary to register\ndomain names or modify existing registrations. VeriSign reserves the right\nto restrict your access to the Whois database in its sole discretion to ensure\noperational stability.  VeriSign may restrict or terminate your access to the\nWhois database for failure to abide by these terms of use. VeriSign\nreserves the right to modify these terms at any time.\n\nThe Registry database contains ONLY .COM, .NET, .EDU domains and\nRegistrars.\nDomain Name: FACEBOOK.COM\nRegistry Domain ID: 2320948_DOMAIN_COM-VRSN\nRegistrar WHOIS Server: whois.registrarsafe.com\nRegistrar URL: https://www.registrarsafe.com\nUpdated Date: 2021-10-18T18:07:40Z\nCreation Date: 1997-03-29T05:00:00Z\nRegistrar Registration Expiration Date: 2031-03-30T04:00:00Z\nRegistrar: RegistrarSafe, LLC\nRegistrar IANA ID: 3237\nRegistrar Abuse Contact Email: abusecomplaints\@registrarsafe.com\nRegistrar Abuse Contact Phone: +1.6503087004\nDomain Status: clientDeleteProhibited https://www.icann.org/epp#clientDeleteProhibited\nDomain Status: clientTransferProhibited https://www.icann.org/epp#clientTransferProhibited\nDomain Status: clientUpdateProhibited https://www.icann.org/epp#clientUpdateProhibited\nDomain Status: serverDeleteProhibited https://www.icann.org/epp#serverDeleteProhibited\nDomain Status: serverTransferProhibited https://www.icann.org/epp#serverTransferProhibited\nDomain Status: serverUpdateProhibited https://www.icann.org/epp#serverUpdateProhibited\nRegistry Registrant ID: \nRegistrant Name: Domain Admin\nRegistrant Organization: Facebook, Inc.\nRegistrant Street: 1601 Willow Rd \nRegistrant City: Menlo Park\nRegistrant State/Province: CA\nRegistrant Postal Code: 94025\nRegistrant Country: US\nRegistrant Phone: +1.6505434800\nRegistrant Phone Ext:\nRegistrant Fax: +1.6505434800\nRegistrant Fax Ext:\nRegistrant Email: domain\@fb.com\nRegistry Admin ID: \nAdmin Name: Domain Admin\nAdmin Organization: Facebook, Inc.\nAdmin Street: 1601 Willow Rd \nAdmin City: Menlo Park\nAdmin State/Province: CA\nAdmin Postal Code: 94025\nAdmin Country: US\nAdmin Phone: +1.6505434800\nAdmin Phone Ext:\nAdmin Fax: +1.6505434800\nAdmin Fax Ext:\nAdmin Email: domain\@fb.com\nRegistry Tech ID: \nTech Name: Domain Admin\nTech Organization: Facebook, Inc.\nTech Street: 1601 Willow Rd \nTech City: Menlo Park\nTech State/Province: CA\nTech Postal Code: 94025\nTech Country: US\nTech Phone: +1.6505434800\nTech Phone Ext:\nTech Fax: +1.6505434800\nTech Fax Ext:\nTech Email: domain\@fb.com\nName Server: C.NS.FACEBOOK.COM\nName Server: B.NS.FACEBOOK.COM\nName Server: A.NS.FACEBOOK.COM\nName Server: D.NS.FACEBOOK.COM\nDNSSEC: unsigned\nURL of the ICANN WHOIS Data Problem Reporting System: http://wdprs.internic.net/\n>>> Last update of WHOIS database: 2021-10-29T17:22:15Z <<<\n\nSearch results obtained from the RegistrarSafe, LLC WHOIS database are\nprovided by RegistrarSafe, LLC for information purposes only, to assist\nusers in obtaining information concerning a domain name registration record.\nThe information contained therein is provided on an \"as is\" and \"as available\"\nbasis and RegistrarSafe, LLC does not guarantee the accuracy or completeness\nof any information provided through the WHOIS database.  By submitting a WHOIS query,\nyou agree to the following: (1) that you will use any information provided through\nthe WHOIS only for lawful purposes; (2) that you will comply with all ICANN rules\nand regulations governing use of the WHOIS; (3)  that you will not use any information\nprovided through the WHOIS to  enable, or otherwise cause the transmission of mass\nunsolicited, commercial advertising or solicitations via e-mail (i.e., spam); or\n(4) that you will not use the WHOIS to enable or otherwise utilize high volume,\nautomated, electronic processes that apply to or attach to RegistrarSafe, LLC or\nits systems. RegistrarSafe, LLC reserves the right to modify these terms\nat any time and to take any other appropriate actions, including but not limited to\nrestricting any access that violates these terms and conditions. By submitting this\nquery, you acknowledge and agree to abide by the foregoing terms, conditions and policies.\n\nFor more information on Whois status codes, please visit\n    https://www.icann.org/resources/pages/epp-status-codes-2014-06-16-en.\n",
    },
  },
)
(
  "ns",
  [
    {
      dom                      => ".",
      dom_level                => 0,
      max_ns_ip_ttl            => 3600000,
      max_ns_ttl               => 518400,
      ns_cnt                   => 13,
      ns_data                  => [
                                    [
                                      ".",
                                      "c.root-servers.net.",
                                      518400,
                                      "192.33.4.12",
                                      3600000,
                                      "AS2149 Cogent Communications",
                                      1,
                                      "US",
                                      "Washington, D.C.",
                                    ],
                                    [
                                      ".",
                                      "c.root-servers.net.",
                                      518400,
                                      "2001:500:2::c",
                                      3600000,
                                      "AS2149 Cogent Communications",
                                      0,
                                      "US",
                                      "Washington, D.C.",
                                    ],
                                    [
                                      ".",
                                      "h.root-servers.net.",
                                      518400,
                                      "198.97.190.53",
                                      3600000,
                                      "AS1508 Headquarters, USAISC",
                                      1,
                                      "US",
                                      "Arizona",
                                    ],
                                    [
                                      ".",
                                      "h.root-servers.net.",
                                      518400,
                                      "2001:500:1::53",
                                      3600000,
                                      "AS1508 Headquarters, USAISC",
                                      0,
                                      "US",
                                      "Washington, D.C.",
                                    ],
                                    [
                                      ".",
                                      "m.root-servers.net.",
                                      518400,
                                      "202.12.27.33",
                                      3600000,
                                      "AS7500 WIDE Project",
                                      1,
                                      "JP",
                                      "Tokyo",
                                    ],
                                    [
                                      ".",
                                      "m.root-servers.net.",
                                      518400,
                                      "2001:dc3::35",
                                      3600000,
                                      "AS7500 WIDE Project",
                                      0,
                                      "JP",
                                      "Tokyo",
                                    ],
                                    [
                                      ".",
                                      "b.root-servers.net.",
                                      518400,
                                      "199.9.14.201",
                                      3600000,
                                      "AS394353 B.Root-Server-OPS",
                                      1,
                                      "US",
                                      "California",
                                    ],
                                    [
                                      ".",
                                      "b.root-servers.net.",
                                      518400,
                                      "2001:500:200::b",
                                      3600000,
                                      "AS394353 B.Root-Server-OPS",
                                      0,
                                      "US",
                                      "California",
                                    ],
                                    [
                                      ".",
                                      "e.root-servers.net.",
                                      518400,
                                      "192.203.230.10",
                                      3600000,
                                      "AS21556 NASA Ames Research Center",
                                      1,
                                      "US",
                                      "Ohio",
                                    ],
                                    [
                                      ".",
                                      "e.root-servers.net.",
                                      518400,
                                      "2001:500:a8::e",
                                      3600000,
                                      "AS21556 NASA Ames Research Center",
                                      0,
                                      "US",
                                      "California",
                                    ],
                                    [
                                      ".",
                                      "d.root-servers.net.",
                                      518400,
                                      "199.7.91.13",
                                      3600000,
                                      "AS10886 University of Maryland",
                                      1,
                                      "US",
                                      "Maryland",
                                    ],
                                    [
                                      ".",
                                      "d.root-servers.net.",
                                      518400,
                                      "2001:500:2d::d",
                                      3600000,
                                      "AS10886 University of Maryland",
                                      0,
                                      "US",
                                      "Oregon",
                                    ],
                                    [
                                      ".",
                                      "l.root-servers.net.",
                                      518400,
                                      "199.7.83.42",
                                      3600000,
                                      "AS20144 ICANN",
                                      1,
                                      "US",
                                      "California",
                                    ],
                                    [
                                      ".",
                                      "l.root-servers.net.",
                                      518400,
                                      "2001:500:9f::42",
                                      3600000,
                                      "AS20144 ICANN",
                                      0,
                                      "US",
                                      "California",
                                    ],
                                    [
                                      ".",
                                      "f.root-servers.net.",
                                      518400,
                                      "192.5.5.241",
                                      3600000,
                                      "AS3557 Internet Systems Consortium, Inc.",
                                      1,
                                      "US",
                                      "New Hampshire",
                                    ],
                                    [
                                      ".",
                                      "f.root-servers.net.",
                                      518400,
                                      "2001:500:2f::f",
                                      3600000,
                                      "AS3557 Internet Systems Consortium, Inc.",
                                      0,
                                      "US",
                                      "New Hampshire",
                                    ],
                                    [
                                      ".",
                                      "a.root-servers.net.",
                                      518400,
                                      "198.41.0.4",
                                      3600000,
                                      "AS10515 VeriSign Infrastructure & Operations",
                                      1,
                                      "US",
                                      "Virginia",
                                    ],
                                    [
                                      ".",
                                      "a.root-servers.net.",
                                      518400,
                                      "2001:503:ba3e::2:30",
                                      3600000,
                                      "AS10515 VeriSign Infrastructure & Operations",
                                      0,
                                      "US",
                                      "Virginia",
                                    ],
                                    [
                                      ".",
                                      "g.root-servers.net.",
                                      518400,
                                      "192.112.36.4",
                                      3600000,
                                      "AS5927 DoD Network Information Center",
                                      0,
                                      "US",
                                      "Ohio",
                                    ],
                                    [
                                      ".",
                                      "g.root-servers.net.",
                                      518400,
                                      "2001:500:12::d0d",
                                      3600000,
                                      "AS5927 DoD Network Information Center",
                                      0,
                                      "US",
                                      "Ohio",
                                    ],
                                    [
                                      ".",
                                      "k.root-servers.net.",
                                      518400,
                                      "193.0.14.129",
                                      3600000,
                                      "AS25152 Reseaux IP Europeens Network Coordination Centre (RIPE NCC)",
                                      1,
                                      "NL",
                                      "North Holland",
                                    ],
                                    [
                                      ".",
                                      "k.root-servers.net.",
                                      518400,
                                      "2001:7fd::1",
                                      3600000,
                                      "AS25152 Reseaux IP Europeens Network Coordination Centre (RIPE NCC)",
                                      0,
                                      "NL",
                                      "North Holland",
                                    ],
                                    [
                                      ".",
                                      "j.root-servers.net.",
                                      518400,
                                      "192.58.128.30",
                                      3600000,
                                      "AS26415 VeriSign Global Registry Services",
                                      1,
                                      "US",
                                      "Virginia",
                                    ],
                                    [
                                      ".",
                                      "j.root-servers.net.",
                                      518400,
                                      "2001:503:c27::2:30",
                                      3600000,
                                      "AS22547 VeriSign Global Registry Services",
                                      0,
                                      "US",
                                      "Virginia",
                                    ],
                                    [
                                      ".",
                                      "i.root-servers.net.",
                                      518400,
                                      "192.36.148.17",
                                      3600000,
                                      "AS29216 NETNOD Internet Exchange i Sverige AB",
                                      1,
                                      "SE",
                                      "Stockholm",
                                    ],
                                    [
                                      ".",
                                      "i.root-servers.net.",
                                      518400,
                                      "2001:7fe::53",
                                      3600000,
                                      "AS29216 NETNOD Internet Exchange i Sverige AB",
                                      0,
                                      "SE",
                                      "Stockholm",
                                    ],
                                  ],
      ns_diversity_metric      => {
                                    ns_cnt => 0,
                                    ns_ip_anycast_cnt => 0,
                                    ns_ip_as_cnt => 0,
                                    ns_ip_cnt => 0,
                                    ns_ip_country_cnt => 0,
                                  },
      ns_diversity_metric_main => 0,
      ns_ip_anycast_cnt        => 12,
      ns_ip_as_cnt             => 14,
      ns_ip_cnt                => 26,
      ns_ip_country_cnt        => 4,
      ttl_metric               => { ns_ip_ttl => 0, ns_ttl => 0 },
    },
    {
      dom                      => "com.",
      dom_level                => 1,
      max_ns_ip_ttl            => 86400,
      max_ns_ttl               => 172800,
      ns_cnt                   => 13,
      ns_data                  => [
                                    [
                                      "com.",
                                      "a.gtld-servers.net.",
                                      172800,
                                      "192.5.6.30",
                                      86400,
                                      "AS26415 VeriSign Global Registry Services",
                                      1,
                                      "US",
                                      "Virginia",
                                    ],
                                    [
                                      "com.",
                                      "a.gtld-servers.net.",
                                      172800,
                                      "2001:503:a83e::2:30",
                                      86400,
                                      "AS10515 VeriSign Infrastructure & Operations",
                                      0,
                                      "US",
                                      "Virginia",
                                    ],
                                    [
                                      "com.",
                                      "b.gtld-servers.net.",
                                      172800,
                                      "192.33.14.30",
                                      86400,
                                      "AS26415 VeriSign Global Registry Services",
                                      1,
                                      "US",
                                      "Virginia",
                                    ],
                                    [
                                      "com.",
                                      "b.gtld-servers.net.",
                                      172800,
                                      "2001:503:231d::2:30",
                                      86400,
                                      "AS26415 VeriSign Global Registry Services",
                                      0,
                                      "US",
                                      "Virginia",
                                    ],
                                    [
                                      "com.",
                                      "c.gtld-servers.net.",
                                      172800,
                                      "192.26.92.30",
                                      86400,
                                      "AS27544 VeriSign Global Registry Services",
                                      1,
                                      "US",
                                      "Virginia",
                                    ],
                                    [
                                      "com.",
                                      "c.gtld-servers.net.",
                                      172800,
                                      "2001:503:83eb::30",
                                      86400,
                                      "AS10515 VeriSign Infrastructure & Operations",
                                      0,
                                      "US",
                                      "Virginia",
                                    ],
                                    [
                                      "com.",
                                      "d.gtld-servers.net.",
                                      172800,
                                      "192.31.80.30",
                                      86400,
                                      "AS27544 VeriSign Global Registry Services",
                                      1,
                                      "US",
                                      "Virginia",
                                    ],
                                    [
                                      "com.",
                                      "d.gtld-servers.net.",
                                      172800,
                                      "2001:500:856e::30",
                                      86400,
                                      "AS10515 VeriSign Infrastructure & Operations",
                                      0,
                                      "US",
                                      "Virginia",
                                    ],
                                    [
                                      "com.",
                                      "e.gtld-servers.net.",
                                      172800,
                                      "192.12.94.30",
                                      86400,
                                      "AS27544 VeriSign Global Registry Services",
                                      1,
                                      "US",
                                      "Virginia",
                                    ],
                                    [
                                      "com.",
                                      "e.gtld-servers.net.",
                                      172800,
                                      "2001:502:1ca1::30",
                                      86400,
                                      "AS10515 VeriSign Infrastructure & Operations",
                                      0,
                                      "US",
                                      "Virginia",
                                    ],
                                    [
                                      "com.",
                                      "f.gtld-servers.net.",
                                      172800,
                                      "192.35.51.30",
                                      86400,
                                      "AS29966 VeriSign Global Registry Services",
                                      1,
                                      "US",
                                      "Virginia",
                                    ],
                                    [
                                      "com.",
                                      "f.gtld-servers.net.",
                                      172800,
                                      "2001:503:d414::30",
                                      86400,
                                      "AS29966 VeriSign Global Registry Services",
                                      0,
                                      "US",
                                      "California",
                                    ],
                                    [
                                      "com.",
                                      "g.gtld-servers.net.",
                                      172800,
                                      "192.42.93.30",
                                      86400,
                                      "AS29966 VeriSign Global Registry Services",
                                      1,
                                      "US",
                                      "Virginia",
                                    ],
                                    [
                                      "com.",
                                      "g.gtld-servers.net.",
                                      172800,
                                      "2001:503:eea3::30",
                                      86400,
                                      "AS29966 VeriSign Global Registry Services",
                                      0,
                                      "US",
                                      "California",
                                    ],
                                    [
                                      "com.",
                                      "h.gtld-servers.net.",
                                      172800,
                                      "192.54.112.30",
                                      86400,
                                      "AS29966 VeriSign Global Registry Services",
                                      1,
                                      "US",
                                      "Virginia",
                                    ],
                                    [
                                      "com.",
                                      "h.gtld-servers.net.",
                                      172800,
                                      "2001:502:8cc::30",
                                      86400,
                                      "AS29966 VeriSign Global Registry Services",
                                      0,
                                      "US",
                                      "California",
                                    ],
                                    [
                                      "com.",
                                      "i.gtld-servers.net.",
                                      172800,
                                      "192.43.172.30",
                                      86400,
                                      "AS29966 VeriSign Global Registry Services",
                                      1,
                                      "US",
                                      "Virginia",
                                    ],
                                    [
                                      "com.",
                                      "i.gtld-servers.net.",
                                      172800,
                                      "2001:503:39c1::30",
                                      86400,
                                      "AS29966 VeriSign Global Registry Services",
                                      0,
                                      "US",
                                      "California",
                                    ],
                                    [
                                      "com.",
                                      "j.gtld-servers.net.",
                                      172800,
                                      "192.48.79.30",
                                      86400,
                                      "AS36623 VeriSign Global Registry Services",
                                      1,
                                      "US",
                                      "Virginia",
                                    ],
                                    [
                                      "com.",
                                      "j.gtld-servers.net.",
                                      172800,
                                      "2001:502:7094::30",
                                      86400,
                                      "AS22547 VeriSign Global Registry Services",
                                      0,
                                      "US",
                                      "Virginia",
                                    ],
                                    [
                                      "com.",
                                      "k.gtld-servers.net.",
                                      172800,
                                      "192.52.178.30",
                                      86400,
                                      "AS36623 VeriSign Global Registry Services",
                                      1,
                                      "US",
                                      "Virginia",
                                    ],
                                    [
                                      "com.",
                                      "k.gtld-servers.net.",
                                      172800,
                                      "2001:503:d2d::30",
                                      86400,
                                      "AS22547 VeriSign Global Registry Services",
                                      0,
                                      "US",
                                      "Virginia",
                                    ],
                                    [
                                      "com.",
                                      "l.gtld-servers.net.",
                                      172800,
                                      "192.41.162.30",
                                      86400,
                                      "AS36623 VeriSign Global Registry Services",
                                      1,
                                      "US",
                                      "Virginia",
                                    ],
                                    [
                                      "com.",
                                      "l.gtld-servers.net.",
                                      172800,
                                      "2001:500:d937::30",
                                      86400,
                                      "AS22547 VeriSign Global Registry Services",
                                      0,
                                      "US",
                                      "Virginia",
                                    ],
                                    [
                                      "com.",
                                      "m.gtld-servers.net.",
                                      172800,
                                      "192.55.83.30",
                                      86400,
                                      "AS36623 VeriSign Global Registry Services",
                                      1,
                                      "US",
                                      "Virginia",
                                    ],
                                    [
                                      "com.",
                                      "m.gtld-servers.net.",
                                      172800,
                                      "2001:501:b1f9::30",
                                      86400,
                                      "AS22547 VeriSign Global Registry Services",
                                      0,
                                      "US",
                                      "Virginia",
                                    ],
                                  ],
      ns_diversity_metric      => {
                                    ns_cnt => 0,
                                    ns_ip_anycast_cnt => 0,
                                    ns_ip_as_cnt => 0,
                                    ns_ip_cnt => 0,
                                    ns_ip_country_cnt => 0,
                                  },
      ns_diversity_metric_main => 0,
      ns_ip_anycast_cnt        => 13,
      ns_ip_as_cnt             => 6,
      ns_ip_cnt                => 26,
      ns_ip_country_cnt        => 1,
      ttl_metric               => { ns_ip_ttl => 0, ns_ttl => 0 },
    },
    {
      dom                      => "facebook.com.",
      dom_level                => 2,
      max_ns_ip_ttl            => 172800,
      max_ns_ttl               => 172800,
      ns_cnt                   => 4,
      ns_data                  => [
                                    [
                                      "facebook.com.",
                                      "a.ns.facebook.com.",
                                      172800,
                                      "129.134.30.12",
                                      172800,
                                      "AS32934 Facebook, Inc.",
                                      1,
                                      "US",
                                      "California",
                                    ],
                                    [
                                      "facebook.com.",
                                      "a.ns.facebook.com.",
                                      172800,
                                      "2a03:2880:f0fc:c:face:b00c:0:35",
                                      172800,
                                      "AS32934 Facebook, Inc.",
                                      0,
                                      "IE",
                                      "Leinster",
                                    ],
                                    [
                                      "facebook.com.",
                                      "b.ns.facebook.com.",
                                      172800,
                                      "129.134.31.12",
                                      172800,
                                      "AS32934 Facebook, Inc.",
                                      1,
                                      "US",
                                      "California",
                                    ],
                                    [
                                      "facebook.com.",
                                      "b.ns.facebook.com.",
                                      172800,
                                      "2a03:2880:f0fd:c:face:b00c:0:35",
                                      172800,
                                      "AS32934 Facebook, Inc.",
                                      0,
                                      "IE",
                                      "Leinster",
                                    ],
                                    [
                                      "facebook.com.",
                                      "c.ns.facebook.com.",
                                      172800,
                                      "185.89.218.12",
                                      172800,
                                      "AS32934 Facebook, Inc.",
                                      1,
                                      "IL",
                                      "Tel Aviv",
                                    ],
                                    [
                                      "facebook.com.",
                                      "c.ns.facebook.com.",
                                      172800,
                                      "2a03:2880:f1fc:c:face:b00c:0:35",
                                      172800,
                                      "AS32934 Facebook, Inc.",
                                      0,
                                      "IE",
                                      "Leinster",
                                    ],
                                    [
                                      "facebook.com.",
                                      "d.ns.facebook.com.",
                                      172800,
                                      "185.89.219.12",
                                      172800,
                                      "AS32934 Facebook, Inc.",
                                      1,
                                      "IL",
                                      "Tel Aviv",
                                    ],
                                    [
                                      "facebook.com.",
                                      "d.ns.facebook.com.",
                                      172800,
                                      "2a03:2880:f1fd:c:face:b00c:0:35",
                                      172800,
                                      "AS32934 Facebook, Inc.",
                                      0,
                                      "IE",
                                      "Leinster",
                                    ],
                                  ],
      ns_diversity_metric      => {
                                    ns_cnt => 0,
                                    ns_ip_anycast_cnt => 0,
                                    ns_ip_as_cnt => 1,
                                    ns_ip_cnt => 0,
                                    ns_ip_country_cnt => 0,
                                  },
      ns_diversity_metric_main => 1,
      ns_ip_anycast_cnt        => 4,
      ns_ip_as_cnt             => 1,
      ns_ip_cnt                => 8,
      ns_ip_country_cnt        => 3,
      ttl_metric               => { ns_ip_ttl => 0, ns_ttl => 0 },
    },
    {
      dom                      => "c10r.facebook.com.",
      dom_level                => 3,
      max_ns_ip_ttl            => 3600,
      max_ns_ttl               => 3600,
      ns_cnt                   => 4,
      ns_data                  => [
                                    [
                                      "c10r.facebook.com.",
                                      "d.ns.c10r.facebook.com.",
                                      3600,
                                      "185.89.219.11",
                                      3600,
                                      "AS32934 Facebook, Inc.",
                                      1,
                                      "IL",
                                      "Tel Aviv",
                                    ],
                                    [
                                      "c10r.facebook.com.",
                                      "d.ns.c10r.facebook.com.",
                                      3600,
                                      "2a03:2880:f1fd:b:face:b00c:0:99",
                                      3600,
                                      "AS32934 Facebook, Inc.",
                                      0,
                                      "IE",
                                      "Leinster",
                                    ],
                                    [
                                      "c10r.facebook.com.",
                                      "a.ns.c10r.facebook.com.",
                                      3600,
                                      "129.134.30.11",
                                      3600,
                                      "AS32934 Facebook, Inc.",
                                      1,
                                      "US",
                                      "California",
                                    ],
                                    [
                                      "c10r.facebook.com.",
                                      "a.ns.c10r.facebook.com.",
                                      3600,
                                      "2a03:2880:f0fc:b:face:b00c:0:99",
                                      3600,
                                      "AS32934 Facebook, Inc.",
                                      0,
                                      "IE",
                                      "Leinster",
                                    ],
                                    [
                                      "c10r.facebook.com.",
                                      "b.ns.c10r.facebook.com.",
                                      3600,
                                      "129.134.31.11",
                                      3600,
                                      "AS32934 Facebook, Inc.",
                                      1,
                                      "US",
                                      "California",
                                    ],
                                    [
                                      "c10r.facebook.com.",
                                      "b.ns.c10r.facebook.com.",
                                      3600,
                                      "2a03:2880:f0fd:b:face:b00c:0:99",
                                      3600,
                                      "AS32934 Facebook, Inc.",
                                      0,
                                      "IE",
                                      "Leinster",
                                    ],
                                    [
                                      "c10r.facebook.com.",
                                      "c.ns.c10r.facebook.com.",
                                      3600,
                                      "185.89.218.11",
                                      3600,
                                      "AS32934 Facebook, Inc.",
                                      1,
                                      "IL",
                                      "Tel Aviv",
                                    ],
                                    [
                                      "c10r.facebook.com.",
                                      "c.ns.c10r.facebook.com.",
                                      3600,
                                      "2a03:2880:f1fc:b:face:b00c:0:99",
                                      3600,
                                      "AS32934 Facebook, Inc.",
                                      0,
                                      "IE",
                                      "Leinster",
                                    ],
                                  ],
      ns_diversity_metric      => {
                                    ns_cnt => 0,
                                    ns_ip_anycast_cnt => 0,
                                    ns_ip_as_cnt => 1,
                                    ns_ip_cnt => 0,
                                    ns_ip_country_cnt => 0,
                                  },
      ns_diversity_metric_main => 1,
      ns_ip_anycast_cnt        => 4,
      ns_ip_as_cnt             => 1,
      ns_ip_cnt                => 8,
      ns_ip_country_cnt        => 3,
      ttl_metric               => { ns_ip_ttl => 0, ns_ttl => 0 },
    },
  ],
)
(
  "ttl",
  {
    "facebook.com."     => {
                             max_mx_ip_ttl => 300,
                             max_mx_ttl => 3600,
                             MX => {
                               "facebook.com." => { mx_ip_ttl => [300, 300], mx_ttl => [3600] },
                             },
                             mx_ip_ttl => [300, 300],
                             mx_ttl => [3600],
                             ttl_data => [
                               [
                                 "facebook.com.",
                                 "MX",
                                 "facebook.com.",
                                 "MX",
                                 "smtpin.vvv.facebook.com.",
                                 3600,
                                 "173.252.127.251",
                                 300,
                                 "AS32934 Facebook, Inc.",
                                 0,
                                 "US",
                                 "Georgia",
                               ],
                               [
                                 "facebook.com.",
                                 "MX",
                                 "facebook.com.",
                                 "MX",
                                 "smtpin.vvv.facebook.com.",
                                 3600,
                                 "2a03:2880:ff:fffd:face:b00c:0:686e",
                                 300,
                                 "AS32934 Facebook, Inc.",
                                 0,
                                 "IE",
                                 "Leinster",
                               ],
                             ],
                             ttl_metric => { mx_ip_ttl => 1, mx_ttl => 0 },
                           },
    "www.facebook.com." => {
                             "cname_ttl"                    => [3600, 3600],
                             "ip_ttl"                       => [60, 60],
                             "min_cname_ttl"                => 3600,
                             "min_ip_ttl"                   => 60,
                             "star-mini.c10r.facebook.com." => {
                                                                 "2a03:2880:f10d:83:face:b00c:0:25de" => { ip_ttl => [60] },
                                                                 "31.13.70.36" => { ip_ttl => [60] },
                                                               },
                             "ttl_data"                     => [
                                                                 [
                                                                   "www.facebook.com.",
                                                                   "A",
                                                                   "www.facebook.com.",
                                                                   "CNAME",
                                                                   "star-mini.c10r.facebook.com.",
                                                                   3600,
                                                                   "star-mini.c10r.facebook.com.",
                                                                   3600,
                                                                   "",
                                                                   "",
                                                                   "",
                                                                   "",
                                                                 ],
                                                                 [
                                                                   "www.facebook.com.",
                                                                   "A",
                                                                   "star-mini.c10r.facebook.com.",
                                                                   "A",
                                                                   "31.13.70.36",
                                                                   60,
                                                                   "31.13.70.36",
                                                                   60,
                                                                   "AS32934 Facebook, Inc.",
                                                                   0,
                                                                   "US",
                                                                   "California",
                                                                 ],
                                                                 [
                                                                   "www.facebook.com.",
                                                                   "AAAA",
                                                                   "www.facebook.com.",
                                                                   "CNAME",
                                                                   "star-mini.c10r.facebook.com.",
                                                                   3600,
                                                                   "star-mini.c10r.facebook.com.",
                                                                   3600,
                                                                   "",
                                                                   "",
                                                                   "",
                                                                   "",
                                                                 ],
                                                                 [
                                                                   "www.facebook.com.",
                                                                   "AAAA",
                                                                   "star-mini.c10r.facebook.com.",
                                                                   "AAAA",
                                                                   "2a03:2880:f10d:83:face:b00c:0:25de",
                                                                   60,
                                                                   "2a03:2880:f10d:83:face:b00c:0:25de",
                                                                   60,
                                                                   "AS32934 Facebook, Inc.",
                                                                   0,
                                                                   "IE",
                                                                   "Leinster",
                                                                 ],
                                                               ],
                             "ttl_metric"                   => { cname_ttl => 0, ip_ttl => 0 },
                             "www.facebook.com."            => { "star-mini.c10r.facebook.com." => { cname_ttl => [3600, 3600] } },
                           },
  },
)
