(
  "domain_status",
  {
    "weibo.cn." => {
      domain_status => {
        clientDelete   => 0,
        clientTransfer => 0,
        clientUpdate   => 0,
        serverDelete   => 0,
        serverTransfer => 0,
        serverUpdate   => 0,
      },
      domain_status_metric => 0,
      whois => "Domain Name: weibo.cn\nROID: 20030317s10001s00085760-cn\nDomain Status: clientDeleteProhibited\nDomain Status: serverDeleteProhibited\nDomain Status: clientUpdateProhibited\nDomain Status: serverUpdateProhibited\nDomain Status: clientTransferProhibited\nDomain Status: serverTransferProhibited\nRegistrant: \xE5\x8C\x97\xE4\xBA\xAC\xE5\xBE\xAE\xE6\xA2\xA6\xE5\x88\x9B\xE7\xA7\x91\xE7\xBD\x91\xE7\xBB\x9C\xE6\x8A\x80\xE6\x9C\xAF\xE6\x9C\x89\xE9\x99\x90\xE5\x85\xAC\xE5\x8F\xB8\nRegistrant Contact Email: domainname\@staff.sina.com.cn\nSponsoring Registrar: \xE5\x8E\xA6\xE9\x97\xA8\xE4\xB8\x89\xE4\xBA\x94\xE4\xBA\x92\xE8\x81\x94\xE7\xA7\x91\xE6\x8A\x80\xE8\x82\xA1\xE4\xBB\xBD\xE6\x9C\x89\xE9\x99\x90\xE5\x85\xAC\xE5\x8F\xB8\nName Server: ns3.sina.com.cn\nName Server: ns2.sina.com.cn\nName Server: ns4.sina.com.cn\nName Server: ns1.sina.com.cn\nRegistration Time: 2003-03-17 12:31:48\nExpiration Time: 2031-03-17 12:31:48\nDNSSEC: unsigned\n",
    },
  },
)
(
  "ns",
  [
    {
      dom                      => ".",
      dom_level                => 0,
      max_ns_ip_ttl            => 3600000,
      max_ns_ttl               => 518400,
      ns_cnt                   => 13,
      ns_data                  => [
                                    [
                                      ".",
                                      "g.root-servers.net.",
                                      518400,
                                      "192.112.36.4",
                                      3600000,
                                      "AS5927 DoD Network Information Center",
                                      0,
                                      "US",
                                      "Ohio",
                                    ],
                                    [
                                      ".",
                                      "g.root-servers.net.",
                                      518400,
                                      "2001:500:12::d0d",
                                      3600000,
                                      "AS5927 DoD Network Information Center",
                                      0,
                                      "US",
                                      "Ohio",
                                    ],
                                    [
                                      ".",
                                      "a.root-servers.net.",
                                      518400,
                                      "198.41.0.4",
                                      3600000,
                                      "AS10515 VeriSign Infrastructure & Operations",
                                      1,
                                      "US",
                                      "Virginia",
                                    ],
                                    [
                                      ".",
                                      "a.root-servers.net.",
                                      518400,
                                      "2001:503:ba3e::2:30",
                                      3600000,
                                      "AS10515 VeriSign Infrastructure & Operations",
                                      0,
                                      "US",
                                      "Virginia",
                                    ],
                                    [
                                      ".",
                                      "h.root-servers.net.",
                                      518400,
                                      "198.97.190.53",
                                      3600000,
                                      "AS1508 Headquarters, USAISC",
                                      1,
                                      "US",
                                      "Arizona",
                                    ],
                                    [
                                      ".",
                                      "h.root-servers.net.",
                                      518400,
                                      "2001:500:1::53",
                                      3600000,
                                      "AS1508 Headquarters, USAISC",
                                      0,
                                      "US",
                                      "Washington, D.C.",
                                    ],
                                    [
                                      ".",
                                      "e.root-servers.net.",
                                      518400,
                                      "192.203.230.10",
                                      3600000,
                                      "AS21556 NASA Ames Research Center",
                                      1,
                                      "US",
                                      "Ohio",
                                    ],
                                    [
                                      ".",
                                      "e.root-servers.net.",
                                      518400,
                                      "2001:500:a8::e",
                                      3600000,
                                      "AS21556 NASA Ames Research Center",
                                      0,
                                      "US",
                                      "California",
                                    ],
                                    [
                                      ".",
                                      "b.root-servers.net.",
                                      518400,
                                      "199.9.14.201",
                                      3600000,
                                      "AS394353 B.Root-Server-OPS",
                                      1,
                                      "US",
                                      "California",
                                    ],
                                    [
                                      ".",
                                      "b.root-servers.net.",
                                      518400,
                                      "2001:500:200::b",
                                      3600000,
                                      "AS394353 B.Root-Server-OPS",
                                      0,
                                      "US",
                                      "California",
                                    ],
                                    [
                                      ".",
                                      "k.root-servers.net.",
                                      518400,
                                      "193.0.14.129",
                                      3600000,
                                      "AS25152 Reseaux IP Europeens Network Coordination Centre (RIPE NCC)",
                                      1,
                                      "NL",
                                      "North Holland",
                                    ],
                                    [
                                      ".",
                                      "k.root-servers.net.",
                                      518400,
                                      "2001:7fd::1",
                                      3600000,
                                      "AS25152 Reseaux IP Europeens Network Coordination Centre (RIPE NCC)",
                                      0,
                                      "NL",
                                      "North Holland",
                                    ],
                                    [
                                      ".",
                                      "d.root-servers.net.",
                                      518400,
                                      "199.7.91.13",
                                      3600000,
                                      "AS10886 University of Maryland",
                                      1,
                                      "US",
                                      "Maryland",
                                    ],
                                    [
                                      ".",
                                      "d.root-servers.net.",
                                      518400,
                                      "2001:500:2d::d",
                                      3600000,
                                      "AS10886 University of Maryland",
                                      0,
                                      "US",
                                      "Oregon",
                                    ],
                                    [
                                      ".",
                                      "m.root-servers.net.",
                                      518400,
                                      "202.12.27.33",
                                      3600000,
                                      "AS7500 WIDE Project",
                                      1,
                                      "JP",
                                      "Tokyo",
                                    ],
                                    [
                                      ".",
                                      "m.root-servers.net.",
                                      518400,
                                      "2001:dc3::35",
                                      3600000,
                                      "AS7500 WIDE Project",
                                      0,
                                      "JP",
                                      "Tokyo",
                                    ],
                                    [
                                      ".",
                                      "j.root-servers.net.",
                                      518400,
                                      "192.58.128.30",
                                      3600000,
                                      "AS26415 VeriSign Global Registry Services",
                                      1,
                                      "US",
                                      "Virginia",
                                    ],
                                    [
                                      ".",
                                      "j.root-servers.net.",
                                      518400,
                                      "2001:503:c27::2:30",
                                      3600000,
                                      "AS22547 VeriSign Global Registry Services",
                                      0,
                                      "US",
                                      "Virginia",
                                    ],
                                    [
                                      ".",
                                      "f.root-servers.net.",
                                      518400,
                                      "192.5.5.241",
                                      3600000,
                                      "AS3557 Internet Systems Consortium, Inc.",
                                      1,
                                      "US",
                                      "New Hampshire",
                                    ],
                                    [
                                      ".",
                                      "f.root-servers.net.",
                                      518400,
                                      "2001:500:2f::f",
                                      3600000,
                                      "AS3557 Internet Systems Consortium, Inc.",
                                      0,
                                      "US",
                                      "New Hampshire",
                                    ],
                                    [
                                      ".",
                                      "c.root-servers.net.",
                                      518400,
                                      "192.33.4.12",
                                      3600000,
                                      "AS2149 Cogent Communications",
                                      1,
                                      "US",
                                      "Washington, D.C.",
                                    ],
                                    [
                                      ".",
                                      "c.root-servers.net.",
                                      518400,
                                      "2001:500:2::c",
                                      3600000,
                                      "AS2149 Cogent Communications",
                                      0,
                                      "US",
                                      "Washington, D.C.",
                                    ],
                                    [
                                      ".",
                                      "i.root-servers.net.",
                                      518400,
                                      "192.36.148.17",
                                      3600000,
                                      "AS29216 NETNOD Internet Exchange i Sverige AB",
                                      1,
                                      "SE",
                                      "Stockholm",
                                    ],
                                    [
                                      ".",
                                      "i.root-servers.net.",
                                      518400,
                                      "2001:7fe::53",
                                      3600000,
                                      "AS29216 NETNOD Internet Exchange i Sverige AB",
                                      0,
                                      "SE",
                                      "Stockholm",
                                    ],
                                    [
                                      ".",
                                      "l.root-servers.net.",
                                      518400,
                                      "199.7.83.42",
                                      3600000,
                                      "AS20144 ICANN",
                                      1,
                                      "US",
                                      "California",
                                    ],
                                    [
                                      ".",
                                      "l.root-servers.net.",
                                      518400,
                                      "2001:500:9f::42",
                                      3600000,
                                      "AS20144 ICANN",
                                      0,
                                      "US",
                                      "California",
                                    ],
                                  ],
      ns_diversity_metric      => {
                                    ns_cnt => 0,
                                    ns_ip_anycast_cnt => 0,
                                    ns_ip_as_cnt => 0,
                                    ns_ip_cnt => 0,
                                    ns_ip_country_cnt => 0,
                                  },
      ns_diversity_metric_main => 0,
      ns_ip_anycast_cnt        => 12,
      ns_ip_as_cnt             => 14,
      ns_ip_cnt                => 26,
      ns_ip_country_cnt        => 4,
      ttl_metric               => { ns_ip_ttl => 0, ns_ttl => 0 },
    },
    {
      dom                      => "cn.",
      dom_level                => 1,
      max_ns_ip_ttl            => 172800,
      max_ns_ttl               => 172800,
      ns_cnt                   => 8,
      ns_data                  => [
                                    [
                                      "cn.",
                                      "c.dns.cn.",
                                      172800,
                                      "203.119.27.1",
                                      86400,
                                      "AS24151 China Internet Network Infomation Center",
                                      1,
                                      "CN",
                                      "Beijing",
                                    ],
                                    [
                                      "cn.",
                                      "g.dns.cn.",
                                      172800,
                                      "66.198.183.65",
                                      86400,
                                      "AS6453 TATA COMMUNICATIONS (AMERICA) INC",
                                      0,
                                      "US",
                                      "New York",
                                    ],
                                    [
                                      "cn.",
                                      "f.dns.cn.",
                                      172800,
                                      "195.219.8.90",
                                      86400,
                                      "AS6453 TATA COMMUNICATIONS (AMERICA) INC",
                                      0,
                                      "GB",
                                      "England",
                                    ],
                                    [
                                      "cn.",
                                      "e.dns.cn.",
                                      172800,
                                      "203.119.29.1",
                                      86400,
                                      "AS24406 China Internet Network Infomation Center",
                                      1,
                                      "CN",
                                      "Beijing",
                                    ],
                                    [
                                      "cn.",
                                      "ns.cernet.net.",
                                      172800,
                                      "103.137.60.44",
                                      172800,
                                      "AS4538 China Education and Research Network Center",
                                      0,
                                      "CN",
                                      "Beijing",
                                    ],
                                    [
                                      "cn.",
                                      "ns.cernet.net.",
                                      172800,
                                      "2001:dd9::44",
                                      172800,
                                      "AS24302 CRIS-CERNET",
                                      0,
                                      "CN",
                                      "Beijing",
                                    ],
                                    [
                                      "cn.",
                                      "d.dns.cn.",
                                      172800,
                                      "203.119.28.1",
                                      86400,
                                      "AS24151 China Internet Network Infomation Center",
                                      1,
                                      "CN",
                                      "Beijing",
                                    ],
                                    [
                                      "cn.",
                                      "d.dns.cn.",
                                      172800,
                                      "2001:dc7:1000::1",
                                      86400,
                                      "AS24151 China Internet Network Infomation Center",
                                      0,
                                      "CN",
                                      "Beijing",
                                    ],
                                    [
                                      "cn.",
                                      "b.dns.cn.",
                                      172800,
                                      "203.119.26.1",
                                      86400,
                                      "AS24406 China Internet Network Infomation Center",
                                      1,
                                      "CN",
                                      "Beijing",
                                    ],
                                    [
                                      "cn.",
                                      "a.dns.cn.",
                                      172800,
                                      "203.119.25.1",
                                      86400,
                                      "AS24151 China Internet Network Infomation Center",
                                      0,
                                      "CN",
                                      "Beijing",
                                    ],
                                    [
                                      "cn.",
                                      "a.dns.cn.",
                                      172800,
                                      "2001:dc7::1",
                                      86400,
                                      "AS24151 China Internet Network Infomation Center",
                                      0,
                                      "AU",
                                      "Victoria",
                                    ],
                                  ],
      ns_diversity_metric      => {
                                    ns_cnt => 0,
                                    ns_ip_anycast_cnt => 0,
                                    ns_ip_as_cnt => 0,
                                    ns_ip_cnt => 0,
                                    ns_ip_country_cnt => 0,
                                  },
      ns_diversity_metric_main => 0,
      ns_ip_anycast_cnt        => 4,
      ns_ip_as_cnt             => 5,
      ns_ip_cnt                => 11,
      ns_ip_country_cnt        => 4,
      ttl_metric               => { ns_ip_ttl => 0, ns_ttl => 0 },
    },
    {
      dom                      => "weibo.cn.",
      dom_level                => 2,
      max_ns_ip_ttl            => 86400,
      max_ns_ttl               => 86400,
      ns_cnt                   => 4,
      ns_data                  => [
                                    [
                                      "weibo.cn.",
                                      "ns4.sina.com.cn.",
                                      86400,
                                      "121.14.1.22",
                                      86400,
                                      "AS58466 CHINANET Guangdong province network",
                                      0,
                                      "CN",
                                      "Guangdong",
                                    ],
                                    [
                                      "weibo.cn.",
                                      "ns1.sina.com.cn.",
                                      86400,
                                      "36.51.252.8",
                                      86400,
                                      "AS4808 China Unicom Beijing Province Network",
                                      0,
                                      "CN",
                                      "Beijing",
                                    ],
                                    [
                                      "weibo.cn.",
                                      "ns3.sina.com.cn.",
                                      86400,
                                      "123.125.29.99",
                                      86400,
                                      "AS4808 China Unicom Beijing Province Network",
                                      0,
                                      "CN",
                                      "Beijing",
                                    ],
                                    [
                                      "weibo.cn.",
                                      "ns2.sina.com.cn.",
                                      86400,
                                      "180.149.138.199",
                                      86400,
                                      "AS23724 IDC, China Telecommunications Corporation",
                                      0,
                                      "CN",
                                      "Shaanxi",
                                    ],
                                  ],
      ns_diversity_metric      => {
                                    ns_cnt => 0,
                                    ns_ip_anycast_cnt => 1,
                                    ns_ip_as_cnt => 0,
                                    ns_ip_cnt => 0,
                                    ns_ip_country_cnt => 1,
                                  },
      ns_diversity_metric_main => 2,
      ns_ip_anycast_cnt        => 0,
      ns_ip_as_cnt             => 3,
      ns_ip_cnt                => 4,
      ns_ip_country_cnt        => 1,
      ttl_metric               => { ns_ip_ttl => 0, ns_ttl => 0 },
    },
  ],
)
(
  "ttl",
  {
    "weibo.cn."     => {
                         max_mx_ip_ttl => 60,
                         max_mx_ttl => 60,
                         MX => { "weibo.cn." => { mx_ip_ttl => [60], mx_ttl => [60] } },
                         mx_ip_ttl => [60],
                         mx_ttl => [60],
                         ttl_data => [
                           [
                             "weibo.cn.",
                             "MX",
                             "weibo.cn.",
                             "MX",
                             "mx.sina.net.",
                             60,
                             "36.51.254.76",
                             60,
                             "AS37936 SINA",
                             0,
                             "HK",
                             "Central and Western",
                           ],
                         ],
                         ttl_metric => { mx_ip_ttl => 1, mx_ttl => 1 },
                       },
    "www.weibo.cn." => {
                         "cname_ttl"     => [60, 60],
                         "ip_ttl"        => [60, 60],
                         "min_cname_ttl" => 60,
                         "min_ip_ttl"    => 60,
                         "ttl_data"      => [
                                              [
                                                "www.weibo.cn.",
                                                "A",
                                                "www.weibo.cn.",
                                                "CNAME",
                                                "weibo.cn.",
                                                60,
                                                "weibo.cn.",
                                                60,
                                                "",
                                                "",
                                                "",
                                                "",
                                              ],
                                              [
                                                "www.weibo.cn.",
                                                "A",
                                                "weibo.cn.",
                                                "A",
                                                "36.51.254.228",
                                                60,
                                                "36.51.254.228",
                                                60,
                                                "AS37936 SINA",
                                                0,
                                                "HK",
                                                "Central and Western",
                                              ],
                                              [
                                                "www.weibo.cn.",
                                                "A",
                                                "weibo.cn.",
                                                "A",
                                                "36.51.254.229",
                                                60,
                                                "36.51.254.229",
                                                60,
                                                "AS37936 SINA",
                                                0,
                                                "HK",
                                                "Central and Western",
                                              ],
                                              [
                                                "www.weibo.cn.",
                                                "AAAA",
                                                "www.weibo.cn.",
                                                "CNAME",
                                                "weibo.cn.",
                                                60,
                                                "weibo.cn.",
                                                60,
                                                "",
                                                "",
                                                "",
                                                "",
                                              ],
                                            ],
                         "ttl_metric"    => { cname_ttl => 0, ip_ttl => 0 },
                         "weibo.cn."     => {
                                              "36.51.254.228" => { ip_ttl => [60] },
                                              "36.51.254.229" => { ip_ttl => [60] },
                                            },
                         "www.weibo.cn." => { "weibo.cn." => { cname_ttl => [60, 60] } },
                       },
  },
)
