(
  "domain_status",
  {
    "twitter.com." => {
      domain_status => {
        clientDelete   => 1,
        clientTransfer => 0,
        clientUpdate   => 1,
        serverDelete   => 0,
        serverTransfer => 0,
        serverUpdate   => 0,
      },
      domain_status_metric => 2,
      whois => "   Domain Name: TWITTER.COM\n   Registry Domain ID: 18195971_DOMAIN_COM-VRSN\n   Registrar WHOIS Server: whois.corporatedomains.com\n   Registrar URL: http://cscdbs.com\n   Updated Date: 2021-01-17T06:10:16Z\n   Creation Date: 2000-01-21T16:28:17Z\n   Registry Expiry Date: 2022-01-21T16:28:17Z\n   Registrar: CSC Corporate Domains, Inc.\n   Registrar IANA ID: 299\n   Registrar Abuse Contact Email: domainabuse\@cscglobal.com\n   Registrar Abuse Contact Phone: 8887802723\n   Domain Status: clientTransferProhibited https://icann.org/epp#clientTransferProhibited\n   Domain Status: serverDeleteProhibited https://icann.org/epp#serverDeleteProhibited\n   Domain Status: serverTransferProhibited https://icann.org/epp#serverTransferProhibited\n   Domain Status: serverUpdateProhibited https://icann.org/epp#serverUpdateProhibited\n   Name Server: A.R06.TWTRDNS.NET\n   Name Server: B.R06.TWTRDNS.NET\n   Name Server: C.R06.TWTRDNS.NET\n   Name Server: D.R06.TWTRDNS.NET\n   Name Server: D01-01.NS.TWTRDNS.NET\n   Name Server: D01-02.NS.TWTRDNS.NET\n   Name Server: NS3.P34.DYNECT.NET\n   Name Server: NS4.P34.DYNECT.NET\n   DNSSEC: unsigned\n   URL of the ICANN Whois Inaccuracy Complaint Form: https://www.icann.org/wicf/\n>>> Last update of whois database: 2021-10-29T07:38:59Z <<<\n\nFor more information on Whois status codes, please visit https://icann.org/epp\n\nNOTICE: The expiration date displayed in this record is the date the\nregistrar's sponsorship of the domain name registration in the registry is\ncurrently set to expire. This date does not necessarily reflect the expiration\ndate of the domain name registrant's agreement with the sponsoring\nregistrar.  Users may consult the sponsoring registrar's Whois database to\nview the registrar's reported date of expiration for this registration.\n\nTERMS OF USE: You are not authorized to access or query our Whois\ndatabase through the use of electronic processes that are high-volume and\nautomated except as reasonably necessary to register domain names or\nmodify existing registrations; the Data in VeriSign Global Registry\nServices' (\"VeriSign\") Whois database is provided by VeriSign for\ninformation purposes only, and to assist persons in obtaining information\nabout or related to a domain name registration record. VeriSign does not\nguarantee its accuracy. By submitting a Whois query, you agree to abide\nby the following terms of use: You agree that you may use this Data only\nfor lawful purposes and that under no circumstances will you use this Data\nto: (1) allow, enable, or otherwise support the transmission of mass\nunsolicited, commercial advertising or solicitations via e-mail, telephone,\nor facsimile; or (2) enable high volume, automated, electronic processes\nthat apply to VeriSign (or its computer systems). The compilation,\nrepackaging, dissemination or other use of this Data is expressly\nprohibited without the prior written consent of VeriSign. You agree not to\nuse electronic processes that are automated and high-volume to access or\nquery the Whois database except as reasonably necessary to register\ndomain names or modify existing registrations. VeriSign reserves the right\nto restrict your access to the Whois database in its sole discretion to ensure\noperational stability.  VeriSign may restrict or terminate your access to the\nWhois database for failure to abide by these terms of use. VeriSign\nreserves the right to modify these terms at any time.\n\nThe Registry database contains ONLY .COM, .NET, .EDU domains and\nRegistrars.\n\nDomain Name: twitter.com\nRegistry Domain ID: 18195971_DOMAIN_COM-VRSN\nRegistrar WHOIS Server: whois.corporatedomains.com\nRegistrar URL: www.cscprotectsbrands.com\nUpdated Date: 2021-01-17T01:10:16Z\nCreation Date: 2000-01-21T11:28:17Z\nRegistrar Registration Expiration Date: 2022-01-21T16:28:17Z\nRegistrar: CSC CORPORATE DOMAINS, INC.\nSponsoring Registrar IANA ID: 299\nRegistrar Abuse Contact Email: domainabuse\@cscglobal.com\nRegistrar Abuse Contact Phone: +1.8887802723\nDomain Status: clientTransferProhibited http://www.icann.org/epp#clientTransferProhibited\nDomain Status: serverDeleteProhibited http://www.icann.org/epp#serverDeleteProhibited\nDomain Status: serverTransferProhibited http://www.icann.org/epp#serverTransferProhibited\nDomain Status: serverUpdateProhibited http://www.icann.org/epp#serverUpdateProhibited\nRegistry Registrant ID: \nRegistrant Name: Twitter, Inc.\nRegistrant Organization: Twitter, Inc.\nRegistrant Street: 1355 Market Street\nRegistrant City: San Francisco\nRegistrant State/Province: CA\nRegistrant Postal Code: 94103\nRegistrant Country: US\nRegistrant Phone: +1.4152229670\nRegistrant Phone Ext: \nRegistrant Fax: +1.4152220922\nRegistrant Fax Ext: \nRegistrant Email: domains\@twitter.com\nRegistry Admin ID: \nAdmin Name: Domain Admin\nAdmin Organization: Twitter, Inc.\nAdmin Street: 1355 Market Street\nAdmin City: San Francisco\nAdmin State/Province: CA\nAdmin Postal Code: 94103\nAdmin Country: US\nAdmin Phone: +1.4152229670\nAdmin Phone Ext: \nAdmin Fax: +1.4152220922\nAdmin Fax Ext: \nAdmin Email: domains\@twitter.com\nRegistry Tech ID: \nTech Name: Tech Admin\nTech Organization: Twitter, Inc.\nTech Street: 1355 Market Street\nTech City: San Francisco\nTech State/Province: CA\nTech Postal Code: 94103\nTech Country: US\nTech Phone: +1.4152229670\nTech Phone Ext: \nTech Fax: +1.4152220922\nTech Fax Ext: \nTech Email: domains-tech\@twitter.com\nName Server: d01-01.ns.twtrdns.net\nName Server: NS4.P34.DYNECT.NET\nName Server: d01-02.ns.twtrdns.net\nName Server: NS3.P34.DYNECT.NET\nName Server: d.r06.twtrdns.net\nName Server: c.r06.twtrdns.net\nName Server: a.r06.twtrdns.net\nName Server: b.r06.twtrdns.net\nDNSSEC: unsigned\nURL of the ICANN WHOIS Data Problem Reporting System: http://wdprs.internic.net/\n>>> Last update of WHOIS database: 2021-01-17T01:10:16Z <<<\n\nFor more information on Whois status codes, please visit https://icann.org/epp\n\nCorporation Service Company(c) (CSC)  The Trusted Partner of More than 50% of the 100 Best Global Brands.\n\nContact us to learn more about our enterprise solutions for Global Domain Name Registration and Management, Trademark Research and Watching, Brand, Logo and Auction Monitoring, as well SSL Certificate Services and DNS Hosting.\n\nNOTICE: You are not authorized to access or query our WHOIS database through the use of high-volume, automated, electronic processes or for the purpose or purposes of using the data in any manner that violates these terms of use. The Data in the CSC WHOIS database is provided by CSC for information purposes only, and to assist persons in obtaining information about or related to a domain name registration record. CSC does not guarantee its accuracy. By submitting a WHOIS query, you agree to abide by the following terms of use: you agree that you may use this Data only for lawful purposes and that under no circumstances will you use this Data to: (1) allow, enable, or otherwise support the transmission of mass unsolicited, commercial advertising or solicitations via direct mail, e-mail, telephone, or facsimile; or (2) enable high volume, automated, electronic processes that apply to CSC (or its computer systems). CSC reserves the right to terminate your access to the WHOIS database in its sole discretion for any violations by you of these terms of use. CSC reserves the right to modify these terms at any time.\n\nRegister your domain name at http://www.cscglobal.com\n",
    },
  },
)
(
  "ns",
  [
    {
      dom                      => ".",
      dom_level                => 0,
      max_ns_ip_ttl            => 3600000,
      max_ns_ttl               => 518400,
      ns_cnt                   => 13,
      ns_data                  => [
                                    [
                                      ".",
                                      "a.root-servers.net.",
                                      518400,
                                      "198.41.0.4",
                                      3600000,
                                      "AS10515 VeriSign Infrastructure & Operations",
                                      1,
                                      "US",
                                      "Virginia",
                                    ],
                                    [
                                      ".",
                                      "a.root-servers.net.",
                                      518400,
                                      "2001:503:ba3e::2:30",
                                      3600000,
                                      "AS10515 VeriSign Infrastructure & Operations",
                                      0,
                                      "US",
                                      "Virginia",
                                    ],
                                    [
                                      ".",
                                      "b.root-servers.net.",
                                      518400,
                                      "199.9.14.201",
                                      3600000,
                                      "AS394353 B.Root-Server-OPS",
                                      1,
                                      "US",
                                      "California",
                                    ],
                                    [
                                      ".",
                                      "b.root-servers.net.",
                                      518400,
                                      "2001:500:200::b",
                                      3600000,
                                      "AS394353 B.Root-Server-OPS",
                                      0,
                                      "US",
                                      "California",
                                    ],
                                    [
                                      ".",
                                      "c.root-servers.net.",
                                      518400,
                                      "192.33.4.12",
                                      3600000,
                                      "AS2149 Cogent Communications",
                                      1,
                                      "US",
                                      "Washington, D.C.",
                                    ],
                                    [
                                      ".",
                                      "c.root-servers.net.",
                                      518400,
                                      "2001:500:2::c",
                                      3600000,
                                      "AS2149 Cogent Communications",
                                      0,
                                      "US",
                                      "Washington, D.C.",
                                    ],
                                    [
                                      ".",
                                      "d.root-servers.net.",
                                      518400,
                                      "199.7.91.13",
                                      3600000,
                                      "AS10886 University of Maryland",
                                      1,
                                      "US",
                                      "Maryland",
                                    ],
                                    [
                                      ".",
                                      "d.root-servers.net.",
                                      518400,
                                      "2001:500:2d::d",
                                      3600000,
                                      "AS10886 University of Maryland",
                                      0,
                                      "US",
                                      "Oregon",
                                    ],
                                    [
                                      ".",
                                      "e.root-servers.net.",
                                      518400,
                                      "192.203.230.10",
                                      3600000,
                                      "AS21556 NASA Ames Research Center",
                                      1,
                                      "US",
                                      "Ohio",
                                    ],
                                    [
                                      ".",
                                      "e.root-servers.net.",
                                      518400,
                                      "2001:500:a8::e",
                                      3600000,
                                      "AS21556 NASA Ames Research Center",
                                      0,
                                      "US",
                                      "California",
                                    ],
                                    [
                                      ".",
                                      "f.root-servers.net.",
                                      518400,
                                      "192.5.5.241",
                                      3600000,
                                      "AS3557 Internet Systems Consortium, Inc.",
                                      1,
                                      "US",
                                      "New Hampshire",
                                    ],
                                    [
                                      ".",
                                      "f.root-servers.net.",
                                      518400,
                                      "2001:500:2f::f",
                                      3600000,
                                      "AS3557 Internet Systems Consortium, Inc.",
                                      0,
                                      "US",
                                      "New Hampshire",
                                    ],
                                    [
                                      ".",
                                      "g.root-servers.net.",
                                      518400,
                                      "192.112.36.4",
                                      3600000,
                                      "AS5927 DoD Network Information Center",
                                      0,
                                      "US",
                                      "Ohio",
                                    ],
                                    [
                                      ".",
                                      "g.root-servers.net.",
                                      518400,
                                      "2001:500:12::d0d",
                                      3600000,
                                      "AS5927 DoD Network Information Center",
                                      0,
                                      "US",
                                      "Ohio",
                                    ],
                                    [
                                      ".",
                                      "h.root-servers.net.",
                                      518400,
                                      "198.97.190.53",
                                      3600000,
                                      "AS1508 Headquarters, USAISC",
                                      1,
                                      "US",
                                      "Arizona",
                                    ],
                                    [
                                      ".",
                                      "h.root-servers.net.",
                                      518400,
                                      "2001:500:1::53",
                                      3600000,
                                      "AS1508 Headquarters, USAISC",
                                      0,
                                      "US",
                                      "Washington, D.C.",
                                    ],
                                    [
                                      ".",
                                      "i.root-servers.net.",
                                      518400,
                                      "192.36.148.17",
                                      3600000,
                                      "AS29216 NETNOD Internet Exchange i Sverige AB",
                                      1,
                                      "SE",
                                      "Stockholm",
                                    ],
                                    [
                                      ".",
                                      "i.root-servers.net.",
                                      518400,
                                      "2001:7fe::53",
                                      3600000,
                                      "AS29216 NETNOD Internet Exchange i Sverige AB",
                                      0,
                                      "SE",
                                      "Stockholm",
                                    ],
                                    [
                                      ".",
                                      "j.root-servers.net.",
                                      518400,
                                      "192.58.128.30",
                                      3600000,
                                      "AS26415 VeriSign Global Registry Services",
                                      1,
                                      "US",
                                      "Virginia",
                                    ],
                                    [
                                      ".",
                                      "j.root-servers.net.",
                                      518400,
                                      "2001:503:c27::2:30",
                                      3600000,
                                      "AS22547 VeriSign Global Registry Services",
                                      0,
                                      "US",
                                      "Virginia",
                                    ],
                                    [
                                      ".",
                                      "k.root-servers.net.",
                                      518400,
                                      "193.0.14.129",
                                      3600000,
                                      "AS25152 Reseaux IP Europeens Network Coordination Centre (RIPE NCC)",
                                      1,
                                      "NL",
                                      "North Holland",
                                    ],
                                    [
                                      ".",
                                      "k.root-servers.net.",
                                      518400,
                                      "2001:7fd::1",
                                      3600000,
                                      "AS25152 Reseaux IP Europeens Network Coordination Centre (RIPE NCC)",
                                      0,
                                      "NL",
                                      "North Holland",
                                    ],
                                    [
                                      ".",
                                      "l.root-servers.net.",
                                      518400,
                                      "199.7.83.42",
                                      3600000,
                                      "AS20144 ICANN",
                                      1,
                                      "US",
                                      "California",
                                    ],
                                    [
                                      ".",
                                      "l.root-servers.net.",
                                      518400,
                                      "2001:500:9f::42",
                                      3600000,
                                      "AS20144 ICANN",
                                      0,
                                      "US",
                                      "California",
                                    ],
                                    [
                                      ".",
                                      "m.root-servers.net.",
                                      518400,
                                      "202.12.27.33",
                                      3600000,
                                      "AS7500 WIDE Project",
                                      1,
                                      "JP",
                                      "Tokyo",
                                    ],
                                    [
                                      ".",
                                      "m.root-servers.net.",
                                      518400,
                                      "2001:dc3::35",
                                      3600000,
                                      "AS7500 WIDE Project",
                                      0,
                                      "JP",
                                      "Tokyo",
                                    ],
                                  ],
      ns_diversity_metric      => {
                                    ns_cnt => 0,
                                    ns_ip_anycast_cnt => 0,
                                    ns_ip_as_cnt => 0,
                                    ns_ip_cnt => 0,
                                    ns_ip_country_cnt => 0,
                                  },
      ns_diversity_metric_main => 0,
      ns_ip_anycast_cnt        => 12,
      ns_ip_as_cnt             => 14,
      ns_ip_cnt                => 26,
      ns_ip_country_cnt        => 4,
      ttl_metric               => { ns_ip_ttl => 0, ns_ttl => 0 },
    },
    {
      dom                      => "com.",
      dom_level                => 1,
      max_ns_ip_ttl            => 86400,
      max_ns_ttl               => 172800,
      ns_cnt                   => 13,
      ns_data                  => [
                                    [
                                      "com.",
                                      "a.gtld-servers.net.",
                                      172800,
                                      "192.5.6.30",
                                      86400,
                                      "AS26415 VeriSign Global Registry Services",
                                      1,
                                      "US",
                                      "Virginia",
                                    ],
                                    [
                                      "com.",
                                      "a.gtld-servers.net.",
                                      172800,
                                      "2001:503:a83e::2:30",
                                      86400,
                                      "AS10515 VeriSign Infrastructure & Operations",
                                      0,
                                      "US",
                                      "Virginia",
                                    ],
                                    [
                                      "com.",
                                      "b.gtld-servers.net.",
                                      172800,
                                      "192.33.14.30",
                                      86400,
                                      "AS26415 VeriSign Global Registry Services",
                                      1,
                                      "US",
                                      "Virginia",
                                    ],
                                    [
                                      "com.",
                                      "b.gtld-servers.net.",
                                      172800,
                                      "2001:503:231d::2:30",
                                      86400,
                                      "AS26415 VeriSign Global Registry Services",
                                      0,
                                      "US",
                                      "Virginia",
                                    ],
                                    [
                                      "com.",
                                      "c.gtld-servers.net.",
                                      172800,
                                      "192.26.92.30",
                                      86400,
                                      "AS27544 VeriSign Global Registry Services",
                                      1,
                                      "US",
                                      "Virginia",
                                    ],
                                    [
                                      "com.",
                                      "c.gtld-servers.net.",
                                      172800,
                                      "2001:503:83eb::30",
                                      86400,
                                      "AS10515 VeriSign Infrastructure & Operations",
                                      0,
                                      "US",
                                      "Virginia",
                                    ],
                                    [
                                      "com.",
                                      "d.gtld-servers.net.",
                                      172800,
                                      "192.31.80.30",
                                      86400,
                                      "AS27544 VeriSign Global Registry Services",
                                      1,
                                      "US",
                                      "Virginia",
                                    ],
                                    [
                                      "com.",
                                      "d.gtld-servers.net.",
                                      172800,
                                      "2001:500:856e::30",
                                      86400,
                                      "AS10515 VeriSign Infrastructure & Operations",
                                      0,
                                      "US",
                                      "Virginia",
                                    ],
                                    [
                                      "com.",
                                      "e.gtld-servers.net.",
                                      172800,
                                      "192.12.94.30",
                                      86400,
                                      "AS27544 VeriSign Global Registry Services",
                                      1,
                                      "US",
                                      "Virginia",
                                    ],
                                    [
                                      "com.",
                                      "e.gtld-servers.net.",
                                      172800,
                                      "2001:502:1ca1::30",
                                      86400,
                                      "AS10515 VeriSign Infrastructure & Operations",
                                      0,
                                      "US",
                                      "Virginia",
                                    ],
                                    [
                                      "com.",
                                      "f.gtld-servers.net.",
                                      172800,
                                      "192.35.51.30",
                                      86400,
                                      "AS29966 VeriSign Global Registry Services",
                                      1,
                                      "US",
                                      "Virginia",
                                    ],
                                    [
                                      "com.",
                                      "f.gtld-servers.net.",
                                      172800,
                                      "2001:503:d414::30",
                                      86400,
                                      "AS29966 VeriSign Global Registry Services",
                                      0,
                                      "US",
                                      "California",
                                    ],
                                    [
                                      "com.",
                                      "g.gtld-servers.net.",
                                      172800,
                                      "192.42.93.30",
                                      86400,
                                      "AS29966 VeriSign Global Registry Services",
                                      1,
                                      "US",
                                      "Virginia",
                                    ],
                                    [
                                      "com.",
                                      "g.gtld-servers.net.",
                                      172800,
                                      "2001:503:eea3::30",
                                      86400,
                                      "AS29966 VeriSign Global Registry Services",
                                      0,
                                      "US",
                                      "California",
                                    ],
                                    [
                                      "com.",
                                      "h.gtld-servers.net.",
                                      172800,
                                      "192.54.112.30",
                                      86400,
                                      "AS29966 VeriSign Global Registry Services",
                                      1,
                                      "US",
                                      "Virginia",
                                    ],
                                    [
                                      "com.",
                                      "h.gtld-servers.net.",
                                      172800,
                                      "2001:502:8cc::30",
                                      86400,
                                      "AS29966 VeriSign Global Registry Services",
                                      0,
                                      "US",
                                      "California",
                                    ],
                                    [
                                      "com.",
                                      "i.gtld-servers.net.",
                                      172800,
                                      "192.43.172.30",
                                      86400,
                                      "AS29966 VeriSign Global Registry Services",
                                      1,
                                      "US",
                                      "Virginia",
                                    ],
                                    [
                                      "com.",
                                      "i.gtld-servers.net.",
                                      172800,
                                      "2001:503:39c1::30",
                                      86400,
                                      "AS29966 VeriSign Global Registry Services",
                                      0,
                                      "US",
                                      "California",
                                    ],
                                    [
                                      "com.",
                                      "j.gtld-servers.net.",
                                      172800,
                                      "192.48.79.30",
                                      86400,
                                      "AS36623 VeriSign Global Registry Services",
                                      1,
                                      "US",
                                      "Virginia",
                                    ],
                                    [
                                      "com.",
                                      "j.gtld-servers.net.",
                                      172800,
                                      "2001:502:7094::30",
                                      86400,
                                      "AS22547 VeriSign Global Registry Services",
                                      0,
                                      "US",
                                      "Virginia",
                                    ],
                                    [
                                      "com.",
                                      "k.gtld-servers.net.",
                                      172800,
                                      "192.52.178.30",
                                      86400,
                                      "AS36623 VeriSign Global Registry Services",
                                      1,
                                      "US",
                                      "Virginia",
                                    ],
                                    [
                                      "com.",
                                      "k.gtld-servers.net.",
                                      172800,
                                      "2001:503:d2d::30",
                                      86400,
                                      "AS22547 VeriSign Global Registry Services",
                                      0,
                                      "US",
                                      "Virginia",
                                    ],
                                    [
                                      "com.",
                                      "l.gtld-servers.net.",
                                      172800,
                                      "192.41.162.30",
                                      86400,
                                      "AS36623 VeriSign Global Registry Services",
                                      1,
                                      "US",
                                      "Virginia",
                                    ],
                                    [
                                      "com.",
                                      "l.gtld-servers.net.",
                                      172800,
                                      "2001:500:d937::30",
                                      86400,
                                      "AS22547 VeriSign Global Registry Services",
                                      0,
                                      "US",
                                      "Virginia",
                                    ],
                                    [
                                      "com.",
                                      "m.gtld-servers.net.",
                                      172800,
                                      "192.55.83.30",
                                      86400,
                                      "AS36623 VeriSign Global Registry Services",
                                      1,
                                      "US",
                                      "Virginia",
                                    ],
                                    [
                                      "com.",
                                      "m.gtld-servers.net.",
                                      172800,
                                      "2001:501:b1f9::30",
                                      86400,
                                      "AS22547 VeriSign Global Registry Services",
                                      0,
                                      "US",
                                      "Virginia",
                                    ],
                                  ],
      ns_diversity_metric      => {
                                    ns_cnt => 0,
                                    ns_ip_anycast_cnt => 0,
                                    ns_ip_as_cnt => 0,
                                    ns_ip_cnt => 0,
                                    ns_ip_country_cnt => 0,
                                  },
      ns_diversity_metric_main => 0,
      ns_ip_anycast_cnt        => 13,
      ns_ip_as_cnt             => 6,
      ns_ip_cnt                => 26,
      ns_ip_country_cnt        => 1,
      ttl_metric               => { ns_ip_ttl => 0, ns_ttl => 0 },
    },
    {
      dom                      => "twitter.com.",
      dom_level                => 2,
      max_ns_ip_ttl            => 86400,
      max_ns_ttl               => 172800,
      ns_cnt                   => 10,
      ns_data                  => [
                                    [
                                      "twitter.com.",
                                      "ns3.p34.dynect.net.",
                                      172800,
                                      "208.78.71.34",
                                      86400,
                                      "AS33517 Oracle Corporation",
                                      1,
                                      "US",
                                      "New Hampshire",
                                    ],
                                    [
                                      "twitter.com.",
                                      "ns3.p34.dynect.net.",
                                      172800,
                                      "2001:500:94:1::34",
                                      300,
                                      "AS33517 Oracle Corporation",
                                      0,
                                      "US",
                                      "New Hampshire",
                                    ],
                                    [
                                      "twitter.com.",
                                      "ns4.p34.dynect.net.",
                                      172800,
                                      "204.13.251.34",
                                      86400,
                                      "AS33517 Oracle Corporation",
                                      1,
                                      "US",
                                      "New Hampshire",
                                    ],
                                    [
                                      "twitter.com.",
                                      "d01-01.ns.twtrdns.net.",
                                      172800,
                                      "208.78.70.34",
                                      1801,
                                      "AS33517 Oracle Corporation",
                                      1,
                                      "US",
                                      "New Hampshire",
                                    ],
                                    [
                                      "twitter.com.",
                                      "d01-02.ns.twtrdns.net.",
                                      172800,
                                      "204.13.250.34",
                                      1823,
                                      "AS33517 Oracle Corporation",
                                      1,
                                      "US",
                                      "New Hampshire",
                                    ],
                                    [
                                      "twitter.com.",
                                      "a.r06.twtrdns.net.",
                                      172800,
                                      "205.251.192.179",
                                      63,
                                      "AS16509 Amazon.com, Inc.",
                                      1,
                                      "US",
                                      "Washington",
                                    ],
                                    [
                                      "twitter.com.",
                                      "b.r06.twtrdns.net.",
                                      172800,
                                      "205.251.196.198",
                                      65,
                                      "AS16509 Amazon.com, Inc.",
                                      1,
                                      "US",
                                      "Washington",
                                    ],
                                    [
                                      "twitter.com.",
                                      "c.r06.twtrdns.net.",
                                      172800,
                                      "205.251.194.151",
                                      71,
                                      "AS16509 Amazon.com, Inc.",
                                      1,
                                      "US",
                                      "Washington",
                                    ],
                                    [
                                      "twitter.com.",
                                      "d.r06.twtrdns.net.",
                                      172800,
                                      "205.251.199.195",
                                      79,
                                      "AS16509 Amazon.com, Inc.",
                                      1,
                                      "US",
                                      "Washington",
                                    ],
                                    [
                                      "twitter.com.",
                                      "ns1.p34.dynect.net.",
                                      13999,
                                      "208.78.70.34",
                                      86400,
                                      "AS33517 Oracle Corporation",
                                      1,
                                      "US",
                                      "New Hampshire",
                                    ],
                                    [
                                      "twitter.com.",
                                      "ns1.p34.dynect.net.",
                                      13999,
                                      "2001:500:90:1::34",
                                      300,
                                      "AS33517 Oracle Corporation",
                                      0,
                                      "US",
                                      "New Hampshire",
                                    ],
                                    [
                                      "twitter.com.",
                                      "ns2.p34.dynect.net.",
                                      13999,
                                      "204.13.250.34",
                                      86400,
                                      "AS33517 Oracle Corporation",
                                      1,
                                      "US",
                                      "New Hampshire",
                                    ],
                                  ],
      ns_diversity_metric      => {
                                    ns_cnt => 0,
                                    ns_ip_anycast_cnt => 0,
                                    ns_ip_as_cnt => 0,
                                    ns_ip_cnt => 0,
                                    ns_ip_country_cnt => 0,
                                  },
      ns_diversity_metric_main => 0,
      ns_ip_anycast_cnt        => 8,
      ns_ip_as_cnt             => 2,
      ns_ip_cnt                => 10,
      ns_ip_country_cnt        => 1,
      ttl_metric               => { ns_ip_ttl => 0, ns_ttl => 0 },
    },
  ],
)
(
  "ttl",
  {
    "twitter.com."     => {
                            max_mx_ip_ttl => 293,
                            max_mx_ttl => 600,
                            MX => {
                              "twitter.com." => {
                                mx_ip_ttl => [293, 293, 293, 293, 293, 293, 293, 293, 293, 293],
                                mx_ttl    => [600, 600, 600, 600, 600],
                              },
                            },
                            mx_ip_ttl => [293, 293, 293, 293, 293, 293, 293, 293, 293, 293],
                            mx_ttl => [600, 600, 600, 600, 600],
                            ttl_data => [
                              [
                                "twitter.com.",
                                "MX",
                                "twitter.com.",
                                "MX",
                                "aspmx.l.google.com.",
                                600,
                                "74.125.142.26",
                                293,
                                "AS15169 Google LLC",
                                0,
                                "US",
                                "California",
                              ],
                              [
                                "twitter.com.",
                                "MX",
                                "twitter.com.",
                                "MX",
                                "aspmx.l.google.com.",
                                600,
                                "2607:f8b0:400e:c09::1a",
                                293,
                                "AS15169 Google LLC",
                                0,
                                "US",
                                "Oregon",
                              ],
                              [
                                "twitter.com.",
                                "MX",
                                "twitter.com.",
                                "MX",
                                "alt1.aspmx.l.google.com.",
                                600,
                                "64.233.171.27",
                                293,
                                "AS15169 Google LLC",
                                0,
                                "US",
                                "Oklahoma",
                              ],
                              [
                                "twitter.com.",
                                "MX",
                                "twitter.com.",
                                "MX",
                                "alt1.aspmx.l.google.com.",
                                600,
                                "2607:f8b0:4003:c15::1b",
                                293,
                                "AS15169 Google LLC",
                                0,
                                "US",
                                "Oklahoma",
                              ],
                              [
                                "twitter.com.",
                                "MX",
                                "twitter.com.",
                                "MX",
                                "alt2.aspmx.l.google.com.",
                                600,
                                "142.250.152.26",
                                293,
                                "AS15169 Google LLC",
                                0,
                                "US",
                                "Iowa",
                              ],
                              [
                                "twitter.com.",
                                "MX",
                                "twitter.com.",
                                "MX",
                                "alt2.aspmx.l.google.com.",
                                600,
                                "2607:f8b0:4001:c56::1b",
                                293,
                                "AS15169 Google LLC",
                                0,
                                "US",
                                "Iowa",
                              ],
                              [
                                "twitter.com.",
                                "MX",
                                "twitter.com.",
                                "MX",
                                "aspmx2.googlemail.com.",
                                600,
                                "64.233.171.27",
                                293,
                                "AS15169 Google LLC",
                                0,
                                "US",
                                "Oklahoma",
                              ],
                              [
                                "twitter.com.",
                                "MX",
                                "twitter.com.",
                                "MX",
                                "aspmx2.googlemail.com.",
                                600,
                                "2607:f8b0:4003:c15::1a",
                                293,
                                "AS15169 Google LLC",
                                0,
                                "US",
                                "Oklahoma",
                              ],
                              [
                                "twitter.com.",
                                "MX",
                                "twitter.com.",
                                "MX",
                                "aspmx3.googlemail.com.",
                                600,
                                "142.250.152.27",
                                293,
                                "AS15169 Google LLC",
                                0,
                                "US",
                                "Iowa",
                              ],
                              [
                                "twitter.com.",
                                "MX",
                                "twitter.com.",
                                "MX",
                                "aspmx3.googlemail.com.",
                                600,
                                "2607:f8b0:4001:c56::1b",
                                293,
                                "AS15169 Google LLC",
                                0,
                                "US",
                                "Iowa",
                              ],
                            ],
                            ttl_metric => { mx_ip_ttl => 1, mx_ttl => 1 },
                          },
    "www.twitter.com." => {
                            "cname_ttl"        => [600, 600],
                            "ip_ttl"           => [1800],
                            "min_cname_ttl"    => 600,
                            "min_ip_ttl"       => 1800,
                            "ttl_data"         => [
                                                    [
                                                      "www.twitter.com.",
                                                      "A",
                                                      "www.twitter.com.",
                                                      "CNAME",
                                                      "twitter.com.",
                                                      600,
                                                      "twitter.com.",
                                                      600,
                                                      "",
                                                      "",
                                                      "",
                                                      "",
                                                    ],
                                                    [
                                                      "www.twitter.com.",
                                                      "A",
                                                      "twitter.com.",
                                                      "A",
                                                      "104.244.42.193",
                                                      1800,
                                                      "104.244.42.193",
                                                      1800,
                                                      "AS13414 Twitter Inc.",
                                                      1,
                                                      "US",
                                                      "California",
                                                    ],
                                                    [
                                                      "www.twitter.com.",
                                                      "AAAA",
                                                      "www.twitter.com.",
                                                      "CNAME",
                                                      "twitter.com.",
                                                      600,
                                                      "twitter.com.",
                                                      600,
                                                      "",
                                                      "",
                                                      "",
                                                      "",
                                                    ],
                                                  ],
                            "ttl_metric"       => { cname_ttl => 0, ip_ttl => 0 },
                            "twitter.com."     => { "104.244.42.193" => { ip_ttl => [1800] } },
                            "www.twitter.com." => { "twitter.com." => { cname_ttl => [600, 600] } },
                          },
  },
)
