(
  "domain_status",
  {
    "google.com." => {
      domain_status => {
        clientDelete   => 0,
        clientTransfer => 0,
        clientUpdate   => 0,
        serverDelete   => 0,
        serverTransfer => 0,
        serverUpdate   => 0,
      },
      domain_status_metric => 0,
      whois => "   Domain Name: GOOGLE.COM\n   Registry Domain ID: 2138514_DOMAIN_COM-VRSN\n   Registrar WHOIS Server: whois.markmonitor.com\n   Registrar URL: http://www.markmonitor.com\n   Updated Date: 2019-09-09T15:39:04Z\n   Creation Date: 1997-09-15T04:00:00Z\n   Registry Expiry Date: 2028-09-14T04:00:00Z\n   Registrar: MarkMonitor Inc.\n   Registrar IANA ID: 292\n   Registrar Abuse Contact Email: abusecomplaints\@markmonitor.com\n   Registrar Abuse Contact Phone: +1.2083895740\n   Domain Status: clientDeleteProhibited https://icann.org/epp#clientDeleteProhibited\n   Domain Status: clientTransferProhibited https://icann.org/epp#clientTransferProhibited\n   Domain Status: clientUpdateProhibited https://icann.org/epp#clientUpdateProhibited\n   Domain Status: serverDeleteProhibited https://icann.org/epp#serverDeleteProhibited\n   Domain Status: serverTransferProhibited https://icann.org/epp#serverTransferProhibited\n   Domain Status: serverUpdateProhibited https://icann.org/epp#serverUpdateProhibited\n   Name Server: NS1.GOOGLE.COM\n   Name Server: NS2.GOOGLE.COM\n   Name Server: NS3.GOOGLE.COM\n   Name Server: NS4.GOOGLE.COM\n   DNSSEC: unsigned\n   URL of the ICANN Whois Inaccuracy Complaint Form: https://www.icann.org/wicf/\n>>> Last update of whois database: 2021-10-29T06:49:28Z <<<\n\nFor more information on Whois status codes, please visit https://icann.org/epp\n\nNOTICE: The expiration date displayed in this record is the date the\nregistrar's sponsorship of the domain name registration in the registry is\ncurrently set to expire. This date does not necessarily reflect the expiration\ndate of the domain name registrant's agreement with the sponsoring\nregistrar.  Users may consult the sponsoring registrar's Whois database to\nview the registrar's reported date of expiration for this registration.\n\nTERMS OF USE: You are not authorized to access or query our Whois\ndatabase through the use of electronic processes that are high-volume and\nautomated except as reasonably necessary to register domain names or\nmodify existing registrations; the Data in VeriSign Global Registry\nServices' (\"VeriSign\") Whois database is provided by VeriSign for\ninformation purposes only, and to assist persons in obtaining information\nabout or related to a domain name registration record. VeriSign does not\nguarantee its accuracy. By submitting a Whois query, you agree to abide\nby the following terms of use: You agree that you may use this Data only\nfor lawful purposes and that under no circumstances will you use this Data\nto: (1) allow, enable, or otherwise support the transmission of mass\nunsolicited, commercial advertising or solicitations via e-mail, telephone,\nor facsimile; or (2) enable high volume, automated, electronic processes\nthat apply to VeriSign (or its computer systems). The compilation,\nrepackaging, dissemination or other use of this Data is expressly\nprohibited without the prior written consent of VeriSign. You agree not to\nuse electronic processes that are automated and high-volume to access or\nquery the Whois database except as reasonably necessary to register\ndomain names or modify existing registrations. VeriSign reserves the right\nto restrict your access to the Whois database in its sole discretion to ensure\noperational stability.  VeriSign may restrict or terminate your access to the\nWhois database for failure to abide by these terms of use. VeriSign\nreserves the right to modify these terms at any time.\n\nThe Registry database contains ONLY .COM, .NET, .EDU domains and\nRegistrars.\nDomain Name: google.com\nRegistry Domain ID: 2138514_DOMAIN_COM-VRSN\nRegistrar WHOIS Server: whois.markmonitor.com\nRegistrar URL: http://www.markmonitor.com\nUpdated Date: 2019-09-09T15:39:04+0000\nCreation Date: 1997-09-15T07:00:00+0000\nRegistrar Registration Expiration Date: 2028-09-13T07:00:00+0000\nRegistrar: MarkMonitor, Inc.\nRegistrar IANA ID: 292\nRegistrar Abuse Contact Email: abusecomplaints\@markmonitor.com\nRegistrar Abuse Contact Phone: +1.2083895770\nDomain Status: clientUpdateProhibited (https://www.icann.org/epp#clientUpdateProhibited)\nDomain Status: clientTransferProhibited (https://www.icann.org/epp#clientTransferProhibited)\nDomain Status: clientDeleteProhibited (https://www.icann.org/epp#clientDeleteProhibited)\nDomain Status: serverUpdateProhibited (https://www.icann.org/epp#serverUpdateProhibited)\nDomain Status: serverTransferProhibited (https://www.icann.org/epp#serverTransferProhibited)\nDomain Status: serverDeleteProhibited (https://www.icann.org/epp#serverDeleteProhibited)\nRegistrant Organization: Google LLC\nRegistrant State/Province: CA\nRegistrant Country: US\nRegistrant Email: Select Request Email Form at https://domains.markmonitor.com/whois/google.com\nAdmin Organization: Google LLC\nAdmin State/Province: CA\nAdmin Country: US\nAdmin Email: Select Request Email Form at https://domains.markmonitor.com/whois/google.com\nTech Organization: Google LLC\nTech State/Province: CA\nTech Country: US\nTech Email: Select Request Email Form at https://domains.markmonitor.com/whois/google.com\nName Server: ns3.google.com\nName Server: ns4.google.com\nName Server: ns1.google.com\nName Server: ns2.google.com\nDNSSEC: unsigned\nURL of the ICANN WHOIS Data Problem Reporting System: http://wdprs.internic.net/\n>>> Last update of WHOIS database: 2021-10-29T17:15:11+0000 <<<\n\nFor more information on WHOIS status codes, please visit:\n  https://www.icann.org/resources/pages/epp-status-codes\n\nIf you wish to contact this domain\xE2\x80\x99s Registrant, Administrative, or Technical\ncontact, and such email address is not visible above, you may do so via our web\nform, pursuant to ICANN\xE2\x80\x99s Temporary Specification. To verify that you are not a\nrobot, please enter your email address to receive a link to a page that\nfacilitates email communication with the relevant contact(s).\n\nWeb-based WHOIS:\n  https://domains.markmonitor.com/whois\n\nIf you have a legitimate interest in viewing the non-public WHOIS details, send\nyour request and the reasons for your request to whoisrequest\@markmonitor.com\nand specify the domain name in the subject line. We will review that request and\nmay ask for supporting documentation and explanation.\n\nThe data in MarkMonitor\xE2\x80\x99s WHOIS database is provided for information purposes,\nand to assist persons in obtaining information about or related to a domain\nname\xE2\x80\x99s registration record. While MarkMonitor believes the data to be accurate,\nthe data is provided \"as is\" with no guarantee or warranties regarding its\naccuracy.\n\nBy submitting a WHOIS query, you agree that you will use this data only for\nlawful purposes and that, under no circumstances will you use this data to:\n  (1) allow, enable, or otherwise support the transmission by email, telephone,\nor facsimile of mass, unsolicited, commercial advertising, or spam; or\n  (2) enable high volume, automated, or electronic processes that send queries,\ndata, or email to MarkMonitor (or its systems) or the domain name contacts (or\nits systems).\n\nMarkMonitor reserves the right to modify these terms at any time.\n\nBy submitting this query, you agree to abide by this policy.\n\nMarkMonitor Domain Management(TM)\nProtecting companies and consumers in a digital world.\n\nVisit MarkMonitor at https://www.markmonitor.com\nContact us at +1.8007459229\nIn Europe, at +44.02032062220\n--\n",
    },
  },
)
(
  "ns",
  [
    {
      dom                      => ".",
      dom_level                => 0,
      max_ns_ip_ttl            => 3600000,
      max_ns_ttl               => 518400,
      ns_cnt                   => 13,
      ns_data                  => [
                                    [
                                      ".",
                                      "c.root-servers.net.",
                                      518400,
                                      "192.33.4.12",
                                      3600000,
                                      "AS2149 Cogent Communications",
                                      1,
                                      "US",
                                      "Washington, D.C.",
                                    ],
                                    [
                                      ".",
                                      "c.root-servers.net.",
                                      518400,
                                      "2001:500:2::c",
                                      3600000,
                                      "AS2149 Cogent Communications",
                                      0,
                                      "US",
                                      "Washington, D.C.",
                                    ],
                                    [
                                      ".",
                                      "e.root-servers.net.",
                                      518400,
                                      "192.203.230.10",
                                      3600000,
                                      "AS21556 NASA Ames Research Center",
                                      1,
                                      "US",
                                      "Ohio",
                                    ],
                                    [
                                      ".",
                                      "e.root-servers.net.",
                                      518400,
                                      "2001:500:a8::e",
                                      3600000,
                                      "AS21556 NASA Ames Research Center",
                                      0,
                                      "US",
                                      "California",
                                    ],
                                    [
                                      ".",
                                      "j.root-servers.net.",
                                      518400,
                                      "192.58.128.30",
                                      3600000,
                                      "AS26415 VeriSign Global Registry Services",
                                      1,
                                      "US",
                                      "Virginia",
                                    ],
                                    [
                                      ".",
                                      "j.root-servers.net.",
                                      518400,
                                      "2001:503:c27::2:30",
                                      3600000,
                                      "AS22547 VeriSign Global Registry Services",
                                      0,
                                      "US",
                                      "Virginia",
                                    ],
                                    [
                                      ".",
                                      "i.root-servers.net.",
                                      518400,
                                      "192.36.148.17",
                                      3600000,
                                      "AS29216 NETNOD Internet Exchange i Sverige AB",
                                      1,
                                      "SE",
                                      "Stockholm",
                                    ],
                                    [
                                      ".",
                                      "i.root-servers.net.",
                                      518400,
                                      "2001:7fe::53",
                                      3600000,
                                      "AS29216 NETNOD Internet Exchange i Sverige AB",
                                      0,
                                      "SE",
                                      "Stockholm",
                                    ],
                                    [
                                      ".",
                                      "h.root-servers.net.",
                                      518400,
                                      "198.97.190.53",
                                      3600000,
                                      "AS1508 Headquarters, USAISC",
                                      1,
                                      "US",
                                      "Arizona",
                                    ],
                                    [
                                      ".",
                                      "h.root-servers.net.",
                                      518400,
                                      "2001:500:1::53",
                                      3600000,
                                      "AS1508 Headquarters, USAISC",
                                      0,
                                      "US",
                                      "Washington, D.C.",
                                    ],
                                    [
                                      ".",
                                      "m.root-servers.net.",
                                      518400,
                                      "202.12.27.33",
                                      3600000,
                                      "AS7500 WIDE Project",
                                      1,
                                      "JP",
                                      "Tokyo",
                                    ],
                                    [
                                      ".",
                                      "m.root-servers.net.",
                                      518400,
                                      "2001:dc3::35",
                                      3600000,
                                      "AS7500 WIDE Project",
                                      0,
                                      "JP",
                                      "Tokyo",
                                    ],
                                    [
                                      ".",
                                      "f.root-servers.net.",
                                      518400,
                                      "192.5.5.241",
                                      3600000,
                                      "AS3557 Internet Systems Consortium, Inc.",
                                      1,
                                      "US",
                                      "New Hampshire",
                                    ],
                                    [
                                      ".",
                                      "f.root-servers.net.",
                                      518400,
                                      "2001:500:2f::f",
                                      3600000,
                                      "AS3557 Internet Systems Consortium, Inc.",
                                      0,
                                      "US",
                                      "New Hampshire",
                                    ],
                                    [
                                      ".",
                                      "k.root-servers.net.",
                                      518400,
                                      "193.0.14.129",
                                      3600000,
                                      "AS25152 Reseaux IP Europeens Network Coordination Centre (RIPE NCC)",
                                      1,
                                      "NL",
                                      "North Holland",
                                    ],
                                    [
                                      ".",
                                      "k.root-servers.net.",
                                      518400,
                                      "2001:7fd::1",
                                      3600000,
                                      "AS25152 Reseaux IP Europeens Network Coordination Centre (RIPE NCC)",
                                      0,
                                      "NL",
                                      "North Holland",
                                    ],
                                    [
                                      ".",
                                      "d.root-servers.net.",
                                      518400,
                                      "199.7.91.13",
                                      3600000,
                                      "AS10886 University of Maryland",
                                      1,
                                      "US",
                                      "Maryland",
                                    ],
                                    [
                                      ".",
                                      "d.root-servers.net.",
                                      518400,
                                      "2001:500:2d::d",
                                      3600000,
                                      "AS10886 University of Maryland",
                                      0,
                                      "US",
                                      "Oregon",
                                    ],
                                    [
                                      ".",
                                      "g.root-servers.net.",
                                      518400,
                                      "192.112.36.4",
                                      3600000,
                                      "AS5927 DoD Network Information Center",
                                      0,
                                      "US",
                                      "Ohio",
                                    ],
                                    [
                                      ".",
                                      "g.root-servers.net.",
                                      518400,
                                      "2001:500:12::d0d",
                                      3600000,
                                      "AS5927 DoD Network Information Center",
                                      0,
                                      "US",
                                      "Ohio",
                                    ],
                                    [
                                      ".",
                                      "b.root-servers.net.",
                                      518400,
                                      "199.9.14.201",
                                      3600000,
                                      "AS394353 B.Root-Server-OPS",
                                      1,
                                      "US",
                                      "California",
                                    ],
                                    [
                                      ".",
                                      "b.root-servers.net.",
                                      518400,
                                      "2001:500:200::b",
                                      3600000,
                                      "AS394353 B.Root-Server-OPS",
                                      0,
                                      "US",
                                      "California",
                                    ],
                                    [
                                      ".",
                                      "a.root-servers.net.",
                                      518400,
                                      "198.41.0.4",
                                      3600000,
                                      "AS10515 VeriSign Infrastructure & Operations",
                                      1,
                                      "US",
                                      "Virginia",
                                    ],
                                    [
                                      ".",
                                      "a.root-servers.net.",
                                      518400,
                                      "2001:503:ba3e::2:30",
                                      3600000,
                                      "AS10515 VeriSign Infrastructure & Operations",
                                      0,
                                      "US",
                                      "Virginia",
                                    ],
                                    [
                                      ".",
                                      "l.root-servers.net.",
                                      518400,
                                      "199.7.83.42",
                                      3600000,
                                      "AS20144 ICANN",
                                      1,
                                      "US",
                                      "California",
                                    ],
                                    [
                                      ".",
                                      "l.root-servers.net.",
                                      518400,
                                      "2001:500:9f::42",
                                      3600000,
                                      "AS20144 ICANN",
                                      0,
                                      "US",
                                      "California",
                                    ],
                                  ],
      ns_diversity_metric      => {
                                    ns_cnt => 0,
                                    ns_ip_anycast_cnt => 0,
                                    ns_ip_as_cnt => 0,
                                    ns_ip_cnt => 0,
                                    ns_ip_country_cnt => 0,
                                  },
      ns_diversity_metric_main => 0,
      ns_ip_anycast_cnt        => 12,
      ns_ip_as_cnt             => 14,
      ns_ip_cnt                => 26,
      ns_ip_country_cnt        => 4,
      ttl_metric               => { ns_ip_ttl => 0, ns_ttl => 0 },
    },
    {
      dom                      => "com.",
      dom_level                => 1,
      max_ns_ip_ttl            => 86400,
      max_ns_ttl               => 172800,
      ns_cnt                   => 13,
      ns_data                  => [
                                    [
                                      "com.",
                                      "a.gtld-servers.net.",
                                      172800,
                                      "192.5.6.30",
                                      86400,
                                      "AS26415 VeriSign Global Registry Services",
                                      1,
                                      "US",
                                      "Virginia",
                                    ],
                                    [
                                      "com.",
                                      "a.gtld-servers.net.",
                                      172800,
                                      "2001:503:a83e::2:30",
                                      86400,
                                      "AS10515 VeriSign Infrastructure & Operations",
                                      0,
                                      "US",
                                      "Virginia",
                                    ],
                                    [
                                      "com.",
                                      "b.gtld-servers.net.",
                                      172800,
                                      "192.33.14.30",
                                      86400,
                                      "AS26415 VeriSign Global Registry Services",
                                      1,
                                      "US",
                                      "Virginia",
                                    ],
                                    [
                                      "com.",
                                      "b.gtld-servers.net.",
                                      172800,
                                      "2001:503:231d::2:30",
                                      86400,
                                      "AS26415 VeriSign Global Registry Services",
                                      0,
                                      "US",
                                      "Virginia",
                                    ],
                                    [
                                      "com.",
                                      "c.gtld-servers.net.",
                                      172800,
                                      "192.26.92.30",
                                      86400,
                                      "AS27544 VeriSign Global Registry Services",
                                      1,
                                      "US",
                                      "Virginia",
                                    ],
                                    [
                                      "com.",
                                      "c.gtld-servers.net.",
                                      172800,
                                      "2001:503:83eb::30",
                                      86400,
                                      "AS10515 VeriSign Infrastructure & Operations",
                                      0,
                                      "US",
                                      "Virginia",
                                    ],
                                    [
                                      "com.",
                                      "d.gtld-servers.net.",
                                      172800,
                                      "192.31.80.30",
                                      86400,
                                      "AS27544 VeriSign Global Registry Services",
                                      1,
                                      "US",
                                      "Virginia",
                                    ],
                                    [
                                      "com.",
                                      "d.gtld-servers.net.",
                                      172800,
                                      "2001:500:856e::30",
                                      86400,
                                      "AS10515 VeriSign Infrastructure & Operations",
                                      0,
                                      "US",
                                      "Virginia",
                                    ],
                                    [
                                      "com.",
                                      "e.gtld-servers.net.",
                                      172800,
                                      "192.12.94.30",
                                      86400,
                                      "AS27544 VeriSign Global Registry Services",
                                      1,
                                      "US",
                                      "Virginia",
                                    ],
                                    [
                                      "com.",
                                      "e.gtld-servers.net.",
                                      172800,
                                      "2001:502:1ca1::30",
                                      86400,
                                      "AS10515 VeriSign Infrastructure & Operations",
                                      0,
                                      "US",
                                      "Virginia",
                                    ],
                                    [
                                      "com.",
                                      "f.gtld-servers.net.",
                                      172800,
                                      "192.35.51.30",
                                      86400,
                                      "AS29966 VeriSign Global Registry Services",
                                      1,
                                      "US",
                                      "Virginia",
                                    ],
                                    [
                                      "com.",
                                      "f.gtld-servers.net.",
                                      172800,
                                      "2001:503:d414::30",
                                      86400,
                                      "AS29966 VeriSign Global Registry Services",
                                      0,
                                      "US",
                                      "California",
                                    ],
                                    [
                                      "com.",
                                      "g.gtld-servers.net.",
                                      172800,
                                      "192.42.93.30",
                                      86400,
                                      "AS29966 VeriSign Global Registry Services",
                                      1,
                                      "US",
                                      "Virginia",
                                    ],
                                    [
                                      "com.",
                                      "g.gtld-servers.net.",
                                      172800,
                                      "2001:503:eea3::30",
                                      86400,
                                      "AS29966 VeriSign Global Registry Services",
                                      0,
                                      "US",
                                      "California",
                                    ],
                                    [
                                      "com.",
                                      "h.gtld-servers.net.",
                                      172800,
                                      "192.54.112.30",
                                      86400,
                                      "AS29966 VeriSign Global Registry Services",
                                      1,
                                      "US",
                                      "Virginia",
                                    ],
                                    [
                                      "com.",
                                      "h.gtld-servers.net.",
                                      172800,
                                      "2001:502:8cc::30",
                                      86400,
                                      "AS29966 VeriSign Global Registry Services",
                                      0,
                                      "US",
                                      "California",
                                    ],
                                    [
                                      "com.",
                                      "i.gtld-servers.net.",
                                      172800,
                                      "192.43.172.30",
                                      86400,
                                      "AS29966 VeriSign Global Registry Services",
                                      1,
                                      "US",
                                      "Virginia",
                                    ],
                                    [
                                      "com.",
                                      "i.gtld-servers.net.",
                                      172800,
                                      "2001:503:39c1::30",
                                      86400,
                                      "AS29966 VeriSign Global Registry Services",
                                      0,
                                      "US",
                                      "California",
                                    ],
                                    [
                                      "com.",
                                      "j.gtld-servers.net.",
                                      172800,
                                      "192.48.79.30",
                                      86400,
                                      "AS36623 VeriSign Global Registry Services",
                                      1,
                                      "US",
                                      "Virginia",
                                    ],
                                    [
                                      "com.",
                                      "j.gtld-servers.net.",
                                      172800,
                                      "2001:502:7094::30",
                                      86400,
                                      "AS22547 VeriSign Global Registry Services",
                                      0,
                                      "US",
                                      "Virginia",
                                    ],
                                    [
                                      "com.",
                                      "k.gtld-servers.net.",
                                      172800,
                                      "192.52.178.30",
                                      86400,
                                      "AS36623 VeriSign Global Registry Services",
                                      1,
                                      "US",
                                      "Virginia",
                                    ],
                                    [
                                      "com.",
                                      "k.gtld-servers.net.",
                                      172800,
                                      "2001:503:d2d::30",
                                      86400,
                                      "AS22547 VeriSign Global Registry Services",
                                      0,
                                      "US",
                                      "Virginia",
                                    ],
                                    [
                                      "com.",
                                      "l.gtld-servers.net.",
                                      172800,
                                      "192.41.162.30",
                                      86400,
                                      "AS36623 VeriSign Global Registry Services",
                                      1,
                                      "US",
                                      "Virginia",
                                    ],
                                    [
                                      "com.",
                                      "l.gtld-servers.net.",
                                      172800,
                                      "2001:500:d937::30",
                                      86400,
                                      "AS22547 VeriSign Global Registry Services",
                                      0,
                                      "US",
                                      "Virginia",
                                    ],
                                    [
                                      "com.",
                                      "m.gtld-servers.net.",
                                      172800,
                                      "192.55.83.30",
                                      86400,
                                      "AS36623 VeriSign Global Registry Services",
                                      1,
                                      "US",
                                      "Virginia",
                                    ],
                                    [
                                      "com.",
                                      "m.gtld-servers.net.",
                                      172800,
                                      "2001:501:b1f9::30",
                                      86400,
                                      "AS22547 VeriSign Global Registry Services",
                                      0,
                                      "US",
                                      "Virginia",
                                    ],
                                  ],
      ns_diversity_metric      => {
                                    ns_cnt => 0,
                                    ns_ip_anycast_cnt => 0,
                                    ns_ip_as_cnt => 0,
                                    ns_ip_cnt => 0,
                                    ns_ip_country_cnt => 0,
                                  },
      ns_diversity_metric_main => 0,
      ns_ip_anycast_cnt        => 13,
      ns_ip_as_cnt             => 6,
      ns_ip_cnt                => 26,
      ns_ip_country_cnt        => 1,
      ttl_metric               => { ns_ip_ttl => 0, ns_ttl => 0 },
    },
    {
      dom                      => "google.com.",
      dom_level                => 2,
      max_ns_ip_ttl            => 345600,
      max_ns_ttl               => 172800,
      ns_cnt                   => 4,
      ns_data                  => [
                                    [
                                      "google.com.",
                                      "ns2.google.com.",
                                      172800,
                                      "216.239.34.10",
                                      345600,
                                      "AS15169 Google LLC",
                                      1,
                                      "US",
                                      "California",
                                    ],
                                    [
                                      "google.com.",
                                      "ns2.google.com.",
                                      172800,
                                      "2001:4860:4802:34::a",
                                      345600,
                                      "AS15169 Google LLC",
                                      0,
                                      "US",
                                      "California",
                                    ],
                                    [
                                      "google.com.",
                                      "ns1.google.com.",
                                      172800,
                                      "216.239.32.10",
                                      345600,
                                      "AS15169 Google LLC",
                                      1,
                                      "US",
                                      "California",
                                    ],
                                    [
                                      "google.com.",
                                      "ns1.google.com.",
                                      172800,
                                      "2001:4860:4802:32::a",
                                      345600,
                                      "AS15169 Google LLC",
                                      0,
                                      "US",
                                      "California",
                                    ],
                                    [
                                      "google.com.",
                                      "ns3.google.com.",
                                      172800,
                                      "216.239.36.10",
                                      345600,
                                      "AS15169 Google LLC",
                                      1,
                                      "US",
                                      "California",
                                    ],
                                    [
                                      "google.com.",
                                      "ns3.google.com.",
                                      172800,
                                      "2001:4860:4802:36::a",
                                      345600,
                                      "AS15169 Google LLC",
                                      0,
                                      "US",
                                      "California",
                                    ],
                                    [
                                      "google.com.",
                                      "ns4.google.com.",
                                      172800,
                                      "216.239.38.10",
                                      345600,
                                      "AS15169 Google LLC",
                                      1,
                                      "US",
                                      "California",
                                    ],
                                    [
                                      "google.com.",
                                      "ns4.google.com.",
                                      172800,
                                      "2001:4860:4802:38::a",
                                      345600,
                                      "AS15169 Google LLC",
                                      0,
                                      "US",
                                      "California",
                                    ],
                                  ],
      ns_diversity_metric      => {
                                    ns_cnt => 0,
                                    ns_ip_anycast_cnt => 0,
                                    ns_ip_as_cnt => 1,
                                    ns_ip_cnt => 0,
                                    ns_ip_country_cnt => 0,
                                  },
      ns_diversity_metric_main => 1,
      ns_ip_anycast_cnt        => 4,
      ns_ip_as_cnt             => 1,
      ns_ip_cnt                => 8,
      ns_ip_country_cnt        => 1,
      ttl_metric               => { ns_ip_ttl => 0, ns_ttl => 0 },
    },
  ],
)
(
  "ttl",
  {
    "google.com."     => {
                           max_mx_ip_ttl => 293,
                           max_mx_ttl => 600,
                           MX => {
                             "google.com." => {
                               mx_ip_ttl => [293, 293, 293, 293, 293, 293, 293, 293, 293, 293],
                               mx_ttl    => [600, 600, 600, 600, 600],
                             },
                           },
                           mx_ip_ttl => [293, 293, 293, 293, 293, 293, 293, 293, 293, 293],
                           mx_ttl => [600, 600, 600, 600, 600],
                           ttl_data => [
                             [
                               "google.com.",
                               "MX",
                               "google.com.",
                               "MX",
                               "alt4.aspmx.l.google.com.",
                               600,
                               "173.194.77.26",
                               293,
                               "AS15169 Google LLC",
                               0,
                               "US",
                               "California",
                             ],
                             [
                               "google.com.",
                               "MX",
                               "google.com.",
                               "MX",
                               "alt4.aspmx.l.google.com.",
                               600,
                               "2607:f8b0:4023:401::1a",
                               293,
                               "AS15169 Google LLC",
                               0,
                               "US",
                               "Tennessee",
                             ],
                             [
                               "google.com.",
                               "MX",
                               "google.com.",
                               "MX",
                               "aspmx.l.google.com.",
                               600,
                               "74.125.142.26",
                               293,
                               "AS15169 Google LLC",
                               0,
                               "US",
                               "California",
                             ],
                             [
                               "google.com.",
                               "MX",
                               "google.com.",
                               "MX",
                               "aspmx.l.google.com.",
                               600,
                               "2607:f8b0:400e:c09::1a",
                               293,
                               "AS15169 Google LLC",
                               0,
                               "US",
                               "Oregon",
                             ],
                             [
                               "google.com.",
                               "MX",
                               "google.com.",
                               "MX",
                               "alt2.aspmx.l.google.com.",
                               600,
                               "142.250.152.26",
                               293,
                               "AS15169 Google LLC",
                               0,
                               "US",
                               "Iowa",
                             ],
                             [
                               "google.com.",
                               "MX",
                               "google.com.",
                               "MX",
                               "alt2.aspmx.l.google.com.",
                               600,
                               "2607:f8b0:4001:c56::1b",
                               293,
                               "AS15169 Google LLC",
                               0,
                               "US",
                               "Iowa",
                             ],
                             [
                               "google.com.",
                               "MX",
                               "google.com.",
                               "MX",
                               "alt3.aspmx.l.google.com.",
                               600,
                               "172.253.113.26",
                               293,
                               "AS15169 Google LLC",
                               0,
                               "US",
                               "California",
                             ],
                             [
                               "google.com.",
                               "MX",
                               "google.com.",
                               "MX",
                               "alt3.aspmx.l.google.com.",
                               600,
                               "2607:f8b0:4023:1::1a",
                               293,
                               "AS15169 Google LLC",
                               0,
                               "US",
                               "Tennessee",
                             ],
                             [
                               "google.com.",
                               "MX",
                               "google.com.",
                               "MX",
                               "alt1.aspmx.l.google.com.",
                               600,
                               "64.233.171.27",
                               293,
                               "AS15169 Google LLC",
                               0,
                               "US",
                               "Oklahoma",
                             ],
                             [
                               "google.com.",
                               "MX",
                               "google.com.",
                               "MX",
                               "alt1.aspmx.l.google.com.",
                               600,
                               "2607:f8b0:4003:c15::1b",
                               293,
                               "AS15169 Google LLC",
                               0,
                               "US",
                               "Oklahoma",
                             ],
                           ],
                           ttl_metric => { mx_ip_ttl => 1, mx_ttl => 1 },
                         },
    "www.google.com." => {
                           "ip_ttl"          => [300, 300],
                           "min_ip_ttl"      => 300,
                           "ttl_data"        => [
                                                  [
                                                    "www.google.com.",
                                                    "A",
                                                    "www.google.com.",
                                                    "A",
                                                    "142.250.68.68",
                                                    300,
                                                    "142.250.68.68",
                                                    300,
                                                    "AS15169 Google LLC",
                                                    0,
                                                    "US",
                                                    "California",
                                                  ],
                                                  [
                                                    "www.google.com.",
                                                    "AAAA",
                                                    "www.google.com.",
                                                    "AAAA",
                                                    "2607:f8b0:4007:811::2004",
                                                    300,
                                                    "2607:f8b0:4007:811::2004",
                                                    300,
                                                    "AS15169 Google LLC",
                                                    0,
                                                    "US",
                                                    "California",
                                                  ],
                                                ],
                           "ttl_metric"      => { ip_ttl => 0 },
                           "www.google.com." => {
                                                  "142.250.68.68" => { ip_ttl => [300] },
                                                  "2607:f8b0:4007:811::2004" => { ip_ttl => [300] },
                                                },
                         },
  },
)
