.	518400	IN	NS	g.root-servers.net.
.	518400	IN	NS	f.root-servers.net.
.	518400	IN	NS	l.root-servers.net.
.	518400	IN	NS	b.root-servers.net.
.	518400	IN	NS	c.root-servers.net.
.	518400	IN	NS	j.root-servers.net.
.	518400	IN	NS	h.root-servers.net.
.	518400	IN	NS	e.root-servers.net.
.	518400	IN	NS	k.root-servers.net.
.	518400	IN	NS	d.root-servers.net.
.	518400	IN	NS	a.root-servers.net.
.	518400	IN	NS	i.root-servers.net.
.	518400	IN	NS	m.root-servers.net.
com.	172800	IN	NS	a.gtld-servers.net.
com.	172800	IN	NS	b.gtld-servers.net.
com.	172800	IN	NS	c.gtld-servers.net.
com.	172800	IN	NS	d.gtld-servers.net.
com.	172800	IN	NS	e.gtld-servers.net.
com.	172800	IN	NS	f.gtld-servers.net.
com.	172800	IN	NS	g.gtld-servers.net.
com.	172800	IN	NS	h.gtld-servers.net.
com.	172800	IN	NS	i.gtld-servers.net.
com.	172800	IN	NS	j.gtld-servers.net.
com.	172800	IN	NS	k.gtld-servers.net.
com.	172800	IN	NS	l.gtld-servers.net.
com.	172800	IN	NS	m.gtld-servers.net.
amazon.com.	172800	IN	NS	pdns1.ultradns.net.
amazon.com.	172800	IN	NS	pdns6.ultradns.co.uk.
amazon.com.	172800	IN	NS	ns1.p31.dynect.net.
amazon.com.	172800	IN	NS	ns3.p31.dynect.net.
amazon.com.	172800	IN	NS	ns2.p31.dynect.net.
amazon.com.	172800	IN	NS	ns4.p31.dynect.net.
www.amazon.com.	1800	IN	CNAME	tp.47cf2c8c9-frontier.amazon.com.
47cf2c8c9-frontier.amazon.com.	900	IN	NS	ns-1404.awsdns-47.org.
47cf2c8c9-frontier.amazon.com.	900	IN	NS	ns-477.awsdns-59.com.
47cf2c8c9-frontier.amazon.com.	900	IN	NS	ns-553.awsdns-05.net.
47cf2c8c9-frontier.amazon.com.	900	IN	NS	ns-1881.awsdns-43.co.uk.
tp.47cf2c8c9-frontier.amazon.com.	60	IN	CNAME	d3ag4hukkh62yn.cloudfront.net.
net.	172800	IN	NS	l.gtld-servers.net.
net.	172800	IN	NS	h.gtld-servers.net.
net.	172800	IN	NS	k.gtld-servers.net.
net.	172800	IN	NS	d.gtld-servers.net.
net.	172800	IN	NS	b.gtld-servers.net.
net.	172800	IN	NS	m.gtld-servers.net.
net.	172800	IN	NS	a.gtld-servers.net.
net.	172800	IN	NS	g.gtld-servers.net.
net.	172800	IN	NS	j.gtld-servers.net.
net.	172800	IN	NS	f.gtld-servers.net.
net.	172800	IN	NS	i.gtld-servers.net.
net.	172800	IN	NS	c.gtld-servers.net.
net.	172800	IN	NS	e.gtld-servers.net.
cloudfront.net.	172800	IN	NS	ns-666.awsdns-19.net.
cloudfront.net.	172800	IN	NS	ns-418.awsdns-52.com.
cloudfront.net.	172800	IN	NS	ns-1597.awsdns-07.co.uk.
cloudfront.net.	172800	IN	NS	ns-1306.awsdns-35.org.
d3ag4hukkh62yn.cloudfront.net.	1831	IN	NS	ns-1144.awsdns-15.org.
d3ag4hukkh62yn.cloudfront.net.	1831	IN	NS	ns-130.awsdns-16.com.
d3ag4hukkh62yn.cloudfront.net.	1831	IN	NS	ns-2021.awsdns-60.co.uk.
d3ag4hukkh62yn.cloudfront.net.	1831	IN	NS	ns-824.awsdns-39.net.
d3ag4hukkh62yn.cloudfront.net.	60	IN	SOA	ns-130.awsdns-16.com. awsdns-hostmaster.amazon.com. 1 7200 900 1209600 86400
