.	518400	IN	NS	e.root-servers.net.
.	518400	IN	NS	k.root-servers.net.
.	518400	IN	NS	b.root-servers.net.
.	518400	IN	NS	m.root-servers.net.
.	518400	IN	NS	h.root-servers.net.
.	518400	IN	NS	g.root-servers.net.
.	518400	IN	NS	a.root-servers.net.
.	518400	IN	NS	c.root-servers.net.
.	518400	IN	NS	d.root-servers.net.
.	518400	IN	NS	f.root-servers.net.
.	518400	IN	NS	j.root-servers.net.
.	518400	IN	NS	i.root-servers.net.
.	518400	IN	NS	l.root-servers.net.
com.	172800	IN	NS	l.gtld-servers.net.
com.	172800	IN	NS	b.gtld-servers.net.
com.	172800	IN	NS	c.gtld-servers.net.
com.	172800	IN	NS	d.gtld-servers.net.
com.	172800	IN	NS	e.gtld-servers.net.
com.	172800	IN	NS	f.gtld-servers.net.
com.	172800	IN	NS	g.gtld-servers.net.
com.	172800	IN	NS	a.gtld-servers.net.
com.	172800	IN	NS	h.gtld-servers.net.
com.	172800	IN	NS	i.gtld-servers.net.
com.	172800	IN	NS	j.gtld-servers.net.
com.	172800	IN	NS	k.gtld-servers.net.
com.	172800	IN	NS	m.gtld-servers.net.
amazon.com.	172800	IN	NS	pdns1.ultradns.net.
amazon.com.	172800	IN	NS	pdns6.ultradns.co.uk.
amazon.com.	172800	IN	NS	ns1.p31.dynect.net.
amazon.com.	172800	IN	NS	ns3.p31.dynect.net.
amazon.com.	172800	IN	NS	ns2.p31.dynect.net.
amazon.com.	172800	IN	NS	ns4.p31.dynect.net.
www.amazon.com.	1800	IN	CNAME	tp.47cf2c8c9-frontier.amazon.com.
47cf2c8c9-frontier.amazon.com.	900	IN	NS	ns-1881.awsdns-43.co.uk.
47cf2c8c9-frontier.amazon.com.	900	IN	NS	ns-477.awsdns-59.com.
47cf2c8c9-frontier.amazon.com.	900	IN	NS	ns-553.awsdns-05.net.
47cf2c8c9-frontier.amazon.com.	900	IN	NS	ns-1404.awsdns-47.org.
tp.47cf2c8c9-frontier.amazon.com.	60	IN	CNAME	www.amazon.com.edgekey.net.
net.	172800	IN	NS	l.gtld-servers.net.
net.	172800	IN	NS	b.gtld-servers.net.
net.	172800	IN	NS	c.gtld-servers.net.
net.	172800	IN	NS	d.gtld-servers.net.
net.	172800	IN	NS	e.gtld-servers.net.
net.	172800	IN	NS	f.gtld-servers.net.
net.	172800	IN	NS	g.gtld-servers.net.
net.	172800	IN	NS	a.gtld-servers.net.
net.	172800	IN	NS	h.gtld-servers.net.
net.	172800	IN	NS	i.gtld-servers.net.
net.	172800	IN	NS	j.gtld-servers.net.
net.	172800	IN	NS	k.gtld-servers.net.
net.	172800	IN	NS	m.gtld-servers.net.
edgekey.net.	172800	IN	NS	ns1-66.akam.net.
edgekey.net.	172800	IN	NS	usw6.akam.net.
edgekey.net.	172800	IN	NS	adns1.akam.net.
edgekey.net.	172800	IN	NS	ns4-66.akam.net.
edgekey.net.	172800	IN	NS	ns7-65.akam.net.
edgekey.net.	172800	IN	NS	ns5-66.akam.net.
edgekey.net.	172800	IN	NS	a6-65.akam.net.
edgekey.net.	172800	IN	NS	a12-65.akam.net.
edgekey.net.	172800	IN	NS	a5-65.akam.net.
edgekey.net.	172800	IN	NS	a16-65.akam.net.
edgekey.net.	172800	IN	NS	a18-65.akam.net.
edgekey.net.	172800	IN	NS	a28-65.akam.net.
edgekey.net.	172800	IN	NS	a13-65.akam.net.
www.amazon.com.edgekey.net.	86400	IN	CNAME	e15316.a.akamaiedge.net.
akamaiedge.net.	172800	IN	NS	la1.akamaiedge.net.
akamaiedge.net.	172800	IN	NS	la3.akamaiedge.net.
akamaiedge.net.	172800	IN	NS	lar2.akamaiedge.net.
akamaiedge.net.	172800	IN	NS	ns3-194.akamaiedge.net.
akamaiedge.net.	172800	IN	NS	ns6-194.akamaiedge.net.
akamaiedge.net.	172800	IN	NS	ns7-194.akamaiedge.net.
akamaiedge.net.	172800	IN	NS	ns5-194.akamaiedge.net.
akamaiedge.net.	172800	IN	NS	a12-192.akamaiedge.net.
akamaiedge.net.	172800	IN	NS	a28-192.akamaiedge.net.
akamaiedge.net.	172800	IN	NS	a6-192.akamaiedge.net.
akamaiedge.net.	172800	IN	NS	a1-192.akamaiedge.net.
akamaiedge.net.	172800	IN	NS	a13-192.akamaiedge.net.
akamaiedge.net.	172800	IN	NS	a11-192.akamaiedge.net.
a.akamaiedge.net.	4000	IN	NS	n1a.akamaiedge.net.
a.akamaiedge.net.	4000	IN	NS	n3a.akamaiedge.net.
a.akamaiedge.net.	4000	IN	NS	n2a.akamaiedge.net.
a.akamaiedge.net.	4000	IN	NS	n7a.akamaiedge.net.
a.akamaiedge.net.	4000	IN	NS	n0a.akamaiedge.net.
a.akamaiedge.net.	4000	IN	NS	n4a.akamaiedge.net.
a.akamaiedge.net.	4000	IN	NS	n5a.akamaiedge.net.
a.akamaiedge.net.	4000	IN	NS	n6a.akamaiedge.net.
e15316.a.akamaiedge.net.	20	IN	A	23.52.177.96
