.	518400	IN	NS	a.root-servers.net.
.	518400	IN	NS	b.root-servers.net.
.	518400	IN	NS	c.root-servers.net.
.	518400	IN	NS	d.root-servers.net.
.	518400	IN	NS	e.root-servers.net.
.	518400	IN	NS	f.root-servers.net.
.	518400	IN	NS	g.root-servers.net.
.	518400	IN	NS	h.root-servers.net.
.	518400	IN	NS	i.root-servers.net.
.	518400	IN	NS	j.root-servers.net.
.	518400	IN	NS	k.root-servers.net.
.	518400	IN	NS	l.root-servers.net.
.	518400	IN	NS	m.root-servers.net.
net.	172800	IN	NS	a.gtld-servers.net.
net.	172800	IN	NS	b.gtld-servers.net.
net.	172800	IN	NS	c.gtld-servers.net.
net.	172800	IN	NS	d.gtld-servers.net.
net.	172800	IN	NS	e.gtld-servers.net.
net.	172800	IN	NS	f.gtld-servers.net.
net.	172800	IN	NS	g.gtld-servers.net.
net.	172800	IN	NS	h.gtld-servers.net.
net.	172800	IN	NS	i.gtld-servers.net.
net.	172800	IN	NS	j.gtld-servers.net.
net.	172800	IN	NS	k.gtld-servers.net.
net.	172800	IN	NS	l.gtld-servers.net.
net.	172800	IN	NS	m.gtld-servers.net.
akam.net.	172800	IN	NS	a9-67.akam.net.
akam.net.	172800	IN	NS	a18-67.akam.net.
akam.net.	172800	IN	NS	a5-67.akam.net.
akam.net.	172800	IN	NS	a3-67.akam.net.
akam.net.	172800	IN	NS	a28-67.akam.net.
akam.net.	172800	IN	NS	a22-67.akam.net.
akam.net.	172800	IN	NS	a7-67.akam.net.
akam.net.	172800	IN	NS	a11-67.akam.net.
akam.net.	172800	IN	NS	a1-67.akam.net.
akam.net.	172800	IN	NS	a12-67.akam.net.
akam.net.	172800	IN	NS	a13-67.akam.net.
akam.net.	172800	IN	NS	a4-67.akam.net.
akam.net.	172800	IN	NS	a6-67.akam.net.
a13-65.akam.net.	90000	IN	AAAA	2600:1480:800::41
