.	518400	IN	NS	g.root-servers.net.
.	518400	IN	NS	i.root-servers.net.
.	518400	IN	NS	k.root-servers.net.
.	518400	IN	NS	e.root-servers.net.
.	518400	IN	NS	c.root-servers.net.
.	518400	IN	NS	l.root-servers.net.
.	518400	IN	NS	a.root-servers.net.
.	518400	IN	NS	h.root-servers.net.
.	518400	IN	NS	m.root-servers.net.
.	518400	IN	NS	f.root-servers.net.
.	518400	IN	NS	b.root-servers.net.
.	518400	IN	NS	d.root-servers.net.
.	518400	IN	NS	j.root-servers.net.
uk.	172800	IN	NS	nsa.nic.uk.
uk.	172800	IN	NS	nsb.nic.uk.
uk.	172800	IN	NS	nsc.nic.uk.
uk.	172800	IN	NS	nsd.nic.uk.
uk.	172800	IN	NS	dns1.nic.uk.
uk.	172800	IN	NS	dns2.nic.uk.
uk.	172800	IN	NS	dns3.nic.uk.
uk.	172800	IN	NS	dns4.nic.uk.
awsdns-43.co.uk.	172800	IN	NS	g-ns-363.awsdns-43.co.uk.
awsdns-43.co.uk.	172800	IN	NS	g-ns-939.awsdns-43.co.uk.
awsdns-43.co.uk.	172800	IN	NS	g-ns-1518.awsdns-43.co.uk.
awsdns-43.co.uk.	172800	IN	NS	g-ns-1839.awsdns-43.co.uk.
ns-1881.awsdns-43.co.uk.	172800	IN	AAAA	2600:9000:5307:5900::1
awsdns-43.co.uk.	172800	IN	NS	g-ns-1518.awsdns-43.co.uk.
awsdns-43.co.uk.	172800	IN	NS	g-ns-1839.awsdns-43.co.uk.
awsdns-43.co.uk.	172800	IN	NS	g-ns-363.awsdns-43.co.uk.
awsdns-43.co.uk.	172800	IN	NS	g-ns-939.awsdns-43.co.uk.
