.	518400	IN	NS	g.root-servers.net.
.	518400	IN	NS	k.root-servers.net.
.	518400	IN	NS	c.root-servers.net.
.	518400	IN	NS	h.root-servers.net.
.	518400	IN	NS	i.root-servers.net.
.	518400	IN	NS	b.root-servers.net.
.	518400	IN	NS	f.root-servers.net.
.	518400	IN	NS	m.root-servers.net.
.	518400	IN	NS	d.root-servers.net.
.	518400	IN	NS	a.root-servers.net.
.	518400	IN	NS	j.root-servers.net.
.	518400	IN	NS	e.root-servers.net.
.	518400	IN	NS	l.root-servers.net.
net.	172800	IN	NS	a.gtld-servers.net.
net.	172800	IN	NS	b.gtld-servers.net.
net.	172800	IN	NS	c.gtld-servers.net.
net.	172800	IN	NS	d.gtld-servers.net.
net.	172800	IN	NS	e.gtld-servers.net.
net.	172800	IN	NS	f.gtld-servers.net.
net.	172800	IN	NS	g.gtld-servers.net.
net.	172800	IN	NS	h.gtld-servers.net.
net.	172800	IN	NS	i.gtld-servers.net.
net.	172800	IN	NS	j.gtld-servers.net.
net.	172800	IN	NS	k.gtld-servers.net.
net.	172800	IN	NS	l.gtld-servers.net.
net.	172800	IN	NS	m.gtld-servers.net.
ultradns.net.	172800	IN	NS	pdns196.ultradns.com.
ultradns.net.	172800	IN	NS	pdns196.ultradns.net.
ultradns.net.	172800	IN	NS	pdns196.ultradns.org.
ultradns.net.	172800	IN	NS	pdns196.ultradns.info.
ultradns.net.	172800	IN	NS	pdns196.ultradns.biz.
ultradns.net.	172800	IN	NS	pdns196.ultradns.co.uk.
pdns1.ultradns.net.	3600	IN	AAAA	2001:502:f3ff::1
ultradns.net.	3600	IN	NS	pdns196.ultradns.net.
ultradns.net.	3600	IN	NS	pdns196.ultradns.com.
ultradns.net.	3600	IN	NS	pdns196.ultradns.org.
ultradns.net.	3600	IN	NS	pdns196.ultradns.info.
ultradns.net.	3600	IN	NS	pdns196.ultradns.biz.
ultradns.net.	3600	IN	NS	pdns196.ultradns.co.uk.
