.	518400	IN	NS	a.root-servers.net.
.	518400	IN	NS	b.root-servers.net.
.	518400	IN	NS	c.root-servers.net.
.	518400	IN	NS	d.root-servers.net.
.	518400	IN	NS	e.root-servers.net.
.	518400	IN	NS	f.root-servers.net.
.	518400	IN	NS	g.root-servers.net.
.	518400	IN	NS	h.root-servers.net.
.	518400	IN	NS	i.root-servers.net.
.	518400	IN	NS	j.root-servers.net.
.	518400	IN	NS	k.root-servers.net.
.	518400	IN	NS	l.root-servers.net.
.	518400	IN	NS	m.root-servers.net.
com.	172800	IN	NS	a.gtld-servers.net.
com.	172800	IN	NS	b.gtld-servers.net.
com.	172800	IN	NS	c.gtld-servers.net.
com.	172800	IN	NS	d.gtld-servers.net.
com.	172800	IN	NS	e.gtld-servers.net.
com.	172800	IN	NS	f.gtld-servers.net.
com.	172800	IN	NS	g.gtld-servers.net.
com.	172800	IN	NS	h.gtld-servers.net.
com.	172800	IN	NS	i.gtld-servers.net.
com.	172800	IN	NS	j.gtld-servers.net.
com.	172800	IN	NS	k.gtld-servers.net.
com.	172800	IN	NS	l.gtld-servers.net.
com.	172800	IN	NS	m.gtld-servers.net.
qq.com.	172800	IN	NS	ns1.qq.com.
qq.com.	172800	IN	NS	ns2.qq.com.
qq.com.	172800	IN	NS	ns3.qq.com.
qq.com.	172800	IN	NS	ns4.qq.com.
www.qq.com.	86400	IN	NS	ns-cmn1.qq.com.
www.qq.com.	86400	IN	NS	ns-tel1.qq.com.
www.qq.com.	86400	IN	NS	ns-cnc1.qq.com.
www.qq.com.	86400	IN	NS	ns-os1.qq.com.
www.qq.com.	300	IN	CNAME	news.qq.com.edgekey.net.
net.	172800	IN	NS	d.gtld-servers.net.
net.	172800	IN	NS	l.gtld-servers.net.
net.	172800	IN	NS	i.gtld-servers.net.
net.	172800	IN	NS	f.gtld-servers.net.
net.	172800	IN	NS	b.gtld-servers.net.
net.	172800	IN	NS	g.gtld-servers.net.
net.	172800	IN	NS	a.gtld-servers.net.
net.	172800	IN	NS	k.gtld-servers.net.
net.	172800	IN	NS	m.gtld-servers.net.
net.	172800	IN	NS	e.gtld-servers.net.
net.	172800	IN	NS	h.gtld-servers.net.
net.	172800	IN	NS	j.gtld-servers.net.
net.	172800	IN	NS	c.gtld-servers.net.
edgekey.net.	172800	IN	NS	ns1-66.akam.net.
edgekey.net.	172800	IN	NS	usw6.akam.net.
edgekey.net.	172800	IN	NS	adns1.akam.net.
edgekey.net.	172800	IN	NS	ns4-66.akam.net.
edgekey.net.	172800	IN	NS	ns7-65.akam.net.
edgekey.net.	172800	IN	NS	ns5-66.akam.net.
edgekey.net.	172800	IN	NS	a6-65.akam.net.
edgekey.net.	172800	IN	NS	a12-65.akam.net.
edgekey.net.	172800	IN	NS	a5-65.akam.net.
edgekey.net.	172800	IN	NS	a16-65.akam.net.
edgekey.net.	172800	IN	NS	a18-65.akam.net.
edgekey.net.	172800	IN	NS	a28-65.akam.net.
edgekey.net.	172800	IN	NS	a13-65.akam.net.
news.qq.com.edgekey.net.	21600	IN	CNAME	e6156.dscf.akamaiedge.net.
akamaiedge.net.	172800	IN	NS	la1.akamaiedge.net.
akamaiedge.net.	172800	IN	NS	la3.akamaiedge.net.
akamaiedge.net.	172800	IN	NS	lar2.akamaiedge.net.
akamaiedge.net.	172800	IN	NS	ns3-194.akamaiedge.net.
akamaiedge.net.	172800	IN	NS	ns6-194.akamaiedge.net.
akamaiedge.net.	172800	IN	NS	ns7-194.akamaiedge.net.
akamaiedge.net.	172800	IN	NS	ns5-194.akamaiedge.net.
akamaiedge.net.	172800	IN	NS	a12-192.akamaiedge.net.
akamaiedge.net.	172800	IN	NS	a28-192.akamaiedge.net.
akamaiedge.net.	172800	IN	NS	a6-192.akamaiedge.net.
akamaiedge.net.	172800	IN	NS	a1-192.akamaiedge.net.
akamaiedge.net.	172800	IN	NS	a13-192.akamaiedge.net.
akamaiedge.net.	172800	IN	NS	a11-192.akamaiedge.net.
dscf.akamaiedge.net.	4000	IN	NS	n5dscf.akamaiedge.net.
dscf.akamaiedge.net.	4000	IN	NS	n3dscf.akamaiedge.net.
dscf.akamaiedge.net.	4000	IN	NS	n6dscf.akamaiedge.net.
dscf.akamaiedge.net.	4000	IN	NS	n7dscf.akamaiedge.net.
dscf.akamaiedge.net.	4000	IN	NS	n4dscf.akamaiedge.net.
dscf.akamaiedge.net.	4000	IN	NS	n2dscf.akamaiedge.net.
dscf.akamaiedge.net.	4000	IN	NS	n0dscf.akamaiedge.net.
dscf.akamaiedge.net.	4000	IN	NS	n1dscf.akamaiedge.net.
e6156.dscf.akamaiedge.net.	20	IN	A	104.70.224.185
