.	518400	IN	NS	c.root-servers.net.
.	518400	IN	NS	j.root-servers.net.
.	518400	IN	NS	h.root-servers.net.
.	518400	IN	NS	l.root-servers.net.
.	518400	IN	NS	g.root-servers.net.
.	518400	IN	NS	b.root-servers.net.
.	518400	IN	NS	i.root-servers.net.
.	518400	IN	NS	f.root-servers.net.
.	518400	IN	NS	d.root-servers.net.
.	518400	IN	NS	a.root-servers.net.
.	518400	IN	NS	m.root-servers.net.
.	518400	IN	NS	e.root-servers.net.
.	518400	IN	NS	k.root-servers.net.
com.	172800	IN	NS	g.gtld-servers.net.
com.	172800	IN	NS	h.gtld-servers.net.
com.	172800	IN	NS	l.gtld-servers.net.
com.	172800	IN	NS	b.gtld-servers.net.
com.	172800	IN	NS	k.gtld-servers.net.
com.	172800	IN	NS	d.gtld-servers.net.
com.	172800	IN	NS	m.gtld-servers.net.
com.	172800	IN	NS	f.gtld-servers.net.
com.	172800	IN	NS	a.gtld-servers.net.
com.	172800	IN	NS	c.gtld-servers.net.
com.	172800	IN	NS	e.gtld-servers.net.
com.	172800	IN	NS	j.gtld-servers.net.
com.	172800	IN	NS	i.gtld-servers.net.
twitter.com.	172800	IN	NS	ns3.p34.dynect.net.
twitter.com.	172800	IN	NS	ns4.p34.dynect.net.
twitter.com.	172800	IN	NS	d01-01.ns.twtrdns.net.
twitter.com.	172800	IN	NS	d01-02.ns.twtrdns.net.
twitter.com.	172800	IN	NS	a.r06.twtrdns.net.
twitter.com.	172800	IN	NS	b.r06.twtrdns.net.
twitter.com.	172800	IN	NS	c.r06.twtrdns.net.
twitter.com.	172800	IN	NS	d.r06.twtrdns.net.
www.twitter.com.	600	IN	CNAME	twitter.com.
twitter.com.	293	IN	SOA	ns1.p26.dynect.net. zone-admin.dyndns.com. 2007176390 3600 600 604800 60
