.	518400	IN	NS	a.root-servers.net.
.	518400	IN	NS	b.root-servers.net.
.	518400	IN	NS	c.root-servers.net.
.	518400	IN	NS	d.root-servers.net.
.	518400	IN	NS	e.root-servers.net.
.	518400	IN	NS	f.root-servers.net.
.	518400	IN	NS	g.root-servers.net.
.	518400	IN	NS	h.root-servers.net.
.	518400	IN	NS	i.root-servers.net.
.	518400	IN	NS	j.root-servers.net.
.	518400	IN	NS	k.root-servers.net.
.	518400	IN	NS	l.root-servers.net.
.	518400	IN	NS	m.root-servers.net.
net.	172800	IN	NS	a.gtld-servers.net.
net.	172800	IN	NS	b.gtld-servers.net.
net.	172800	IN	NS	c.gtld-servers.net.
net.	172800	IN	NS	d.gtld-servers.net.
net.	172800	IN	NS	e.gtld-servers.net.
net.	172800	IN	NS	f.gtld-servers.net.
net.	172800	IN	NS	g.gtld-servers.net.
net.	172800	IN	NS	h.gtld-servers.net.
net.	172800	IN	NS	i.gtld-servers.net.
net.	172800	IN	NS	j.gtld-servers.net.
net.	172800	IN	NS	k.gtld-servers.net.
net.	172800	IN	NS	l.gtld-servers.net.
net.	172800	IN	NS	m.gtld-servers.net.
twtrdns.net.	172800	IN	NS	ns-370.awsdns-46.com.
twtrdns.net.	172800	IN	NS	ns-975.awsdns-57.net.
twtrdns.net.	172800	IN	NS	ns-1700.awsdns-20.co.uk.
twtrdns.net.	172800	IN	NS	ns-1450.awsdns-53.org.
twtrdns.net.	172800	IN	NS	ns1.p34.dynect.net.
twtrdns.net.	172800	IN	NS	ns2.p34.dynect.net.
twtrdns.net.	172800	IN	NS	ns3.p34.dynect.net.
twtrdns.net.	172800	IN	NS	ns4.p34.dynect.net.
a.r06.twtrdns.net.	63	IN	A	205.251.192.179
twtrdns.net.	86400	IN	NS	ns2.p34.dynect.net.
twtrdns.net.	86400	IN	NS	edns101.ultradns.net.
twtrdns.net.	86400	IN	NS	edns101.ultradns.org.
twtrdns.net.	86400	IN	NS	ns1.p34.dynect.net.
twtrdns.net.	86400	IN	NS	edns101.ultradns.com.
twtrdns.net.	86400	IN	NS	ns3.p34.dynect.net.
twtrdns.net.	86400	IN	NS	edns101.ultradns.biz.
twtrdns.net.	86400	IN	NS	ns4.p34.dynect.net.
