.	518400	IN	NS	a.root-servers.net.
.	518400	IN	NS	b.root-servers.net.
.	518400	IN	NS	c.root-servers.net.
.	518400	IN	NS	d.root-servers.net.
.	518400	IN	NS	e.root-servers.net.
.	518400	IN	NS	f.root-servers.net.
.	518400	IN	NS	g.root-servers.net.
.	518400	IN	NS	h.root-servers.net.
.	518400	IN	NS	i.root-servers.net.
.	518400	IN	NS	j.root-servers.net.
.	518400	IN	NS	k.root-servers.net.
.	518400	IN	NS	l.root-servers.net.
.	518400	IN	NS	m.root-servers.net.
com.	172800	IN	NS	a.gtld-servers.net.
com.	172800	IN	NS	b.gtld-servers.net.
com.	172800	IN	NS	c.gtld-servers.net.
com.	172800	IN	NS	d.gtld-servers.net.
com.	172800	IN	NS	e.gtld-servers.net.
com.	172800	IN	NS	f.gtld-servers.net.
com.	172800	IN	NS	g.gtld-servers.net.
com.	172800	IN	NS	h.gtld-servers.net.
com.	172800	IN	NS	i.gtld-servers.net.
com.	172800	IN	NS	j.gtld-servers.net.
com.	172800	IN	NS	k.gtld-servers.net.
com.	172800	IN	NS	l.gtld-servers.net.
com.	172800	IN	NS	m.gtld-servers.net.
amazon.com.	172800	IN	NS	pdns1.ultradns.net.
amazon.com.	172800	IN	NS	pdns6.ultradns.co.uk.
amazon.com.	172800	IN	NS	ns1.p31.dynect.net.
amazon.com.	172800	IN	NS	ns3.p31.dynect.net.
amazon.com.	172800	IN	NS	ns2.p31.dynect.net.
amazon.com.	172800	IN	NS	ns4.p31.dynect.net.
amazon.com.	900	IN	MX	5 amazon-smtp.amazon.com.
amazon.com.	3600	IN	NS	pdns6.ultradns.co.uk.
amazon.com.	3600	IN	NS	ns3.p31.dynect.net.
amazon.com.	3600	IN	NS	ns1.p31.dynect.net.
amazon.com.	3600	IN	NS	ns2.p31.dynect.net.
amazon.com.	3600	IN	NS	ns4.p31.dynect.net.
amazon.com.	3600	IN	NS	pdns1.ultradns.net.
