.	518400	IN	NS	a.root-servers.net.
.	518400	IN	NS	b.root-servers.net.
.	518400	IN	NS	c.root-servers.net.
.	518400	IN	NS	d.root-servers.net.
.	518400	IN	NS	e.root-servers.net.
.	518400	IN	NS	f.root-servers.net.
.	518400	IN	NS	g.root-servers.net.
.	518400	IN	NS	h.root-servers.net.
.	518400	IN	NS	i.root-servers.net.
.	518400	IN	NS	j.root-servers.net.
.	518400	IN	NS	k.root-servers.net.
.	518400	IN	NS	l.root-servers.net.
.	518400	IN	NS	m.root-servers.net.
net.	172800	IN	NS	e.gtld-servers.net.
net.	172800	IN	NS	f.gtld-servers.net.
net.	172800	IN	NS	m.gtld-servers.net.
net.	172800	IN	NS	i.gtld-servers.net.
net.	172800	IN	NS	j.gtld-servers.net.
net.	172800	IN	NS	b.gtld-servers.net.
net.	172800	IN	NS	a.gtld-servers.net.
net.	172800	IN	NS	c.gtld-servers.net.
net.	172800	IN	NS	k.gtld-servers.net.
net.	172800	IN	NS	h.gtld-servers.net.
net.	172800	IN	NS	l.gtld-servers.net.
net.	172800	IN	NS	g.gtld-servers.net.
net.	172800	IN	NS	d.gtld-servers.net.
akamaiedge.net.	172800	IN	NS	la1.akamaiedge.net.
akamaiedge.net.	172800	IN	NS	la3.akamaiedge.net.
akamaiedge.net.	172800	IN	NS	lar2.akamaiedge.net.
akamaiedge.net.	172800	IN	NS	ns3-194.akamaiedge.net.
akamaiedge.net.	172800	IN	NS	ns6-194.akamaiedge.net.
akamaiedge.net.	172800	IN	NS	ns7-194.akamaiedge.net.
akamaiedge.net.	172800	IN	NS	ns5-194.akamaiedge.net.
akamaiedge.net.	172800	IN	NS	a12-192.akamaiedge.net.
akamaiedge.net.	172800	IN	NS	a28-192.akamaiedge.net.
akamaiedge.net.	172800	IN	NS	a6-192.akamaiedge.net.
akamaiedge.net.	172800	IN	NS	a1-192.akamaiedge.net.
akamaiedge.net.	172800	IN	NS	a13-192.akamaiedge.net.
akamaiedge.net.	172800	IN	NS	a11-192.akamaiedge.net.
n0dscf.akamaiedge.net.	4000	IN	AAAA	2600:1480:e800::c0
