.	518400	IN	NS	e.root-servers.net.
.	518400	IN	NS	h.root-servers.net.
.	518400	IN	NS	l.root-servers.net.
.	518400	IN	NS	i.root-servers.net.
.	518400	IN	NS	a.root-servers.net.
.	518400	IN	NS	d.root-servers.net.
.	518400	IN	NS	c.root-servers.net.
.	518400	IN	NS	b.root-servers.net.
.	518400	IN	NS	j.root-servers.net.
.	518400	IN	NS	k.root-servers.net.
.	518400	IN	NS	g.root-servers.net.
.	518400	IN	NS	m.root-servers.net.
.	518400	IN	NS	f.root-servers.net.
net.	172800	IN	NS	a.gtld-servers.net.
net.	172800	IN	NS	b.gtld-servers.net.
net.	172800	IN	NS	c.gtld-servers.net.
net.	172800	IN	NS	d.gtld-servers.net.
net.	172800	IN	NS	e.gtld-servers.net.
net.	172800	IN	NS	f.gtld-servers.net.
net.	172800	IN	NS	g.gtld-servers.net.
net.	172800	IN	NS	h.gtld-servers.net.
net.	172800	IN	NS	i.gtld-servers.net.
net.	172800	IN	NS	j.gtld-servers.net.
net.	172800	IN	NS	k.gtld-servers.net.
net.	172800	IN	NS	l.gtld-servers.net.
net.	172800	IN	NS	m.gtld-servers.net.
dynect.net.	172800	IN	NS	ns1.dynamicnetworkservices.net.
dynect.net.	172800	IN	NS	ns2.dynamicnetworkservices.net.
dynect.net.	172800	IN	NS	ns3.dynamicnetworkservices.net.
dynect.net.	172800	IN	NS	ns4.dynamicnetworkservices.net.
dynect.net.	172800	IN	NS	ns5.dynamicnetworkservices.net.
dynect.net.	172800	IN	NS	ns6.dynamicnetworkservices.net.
dynect.net.	172800	IN	NS	ns7.dynamicnetworkservices.net.
ns4.p31.dynect.net.	86400	IN	A	204.13.251.31
dynect.net.	86400	IN	NS	ns3.dynamicnetworkservices.net.
dynect.net.	86400	IN	NS	ns2.dynamicnetworkservices.net.
dynect.net.	86400	IN	NS	ns6.dynamicnetworkservices.net.
dynect.net.	86400	IN	NS	ns4.dynamicnetworkservices.net.
dynect.net.	86400	IN	NS	ns5.dynamicnetworkservices.net.
dynect.net.	86400	IN	NS	ns1.dynamicnetworkservices.net.
dynect.net.	86400	IN	NS	ns7.dynamicnetworkservices.net.
