.	518400	IN	NS	e.root-servers.net.
.	518400	IN	NS	h.root-servers.net.
.	518400	IN	NS	l.root-servers.net.
.	518400	IN	NS	i.root-servers.net.
.	518400	IN	NS	a.root-servers.net.
.	518400	IN	NS	d.root-servers.net.
.	518400	IN	NS	c.root-servers.net.
.	518400	IN	NS	b.root-servers.net.
.	518400	IN	NS	j.root-servers.net.
.	518400	IN	NS	k.root-servers.net.
.	518400	IN	NS	g.root-servers.net.
.	518400	IN	NS	m.root-servers.net.
.	518400	IN	NS	f.root-servers.net.
uk.	172800	IN	NS	nsa.nic.uk.
uk.	172800	IN	NS	nsb.nic.uk.
uk.	172800	IN	NS	nsc.nic.uk.
uk.	172800	IN	NS	nsd.nic.uk.
uk.	172800	IN	NS	dns1.nic.uk.
uk.	172800	IN	NS	dns2.nic.uk.
uk.	172800	IN	NS	dns3.nic.uk.
uk.	172800	IN	NS	dns4.nic.uk.
awsdns-60.co.uk.	172800	IN	NS	g-ns-380.awsdns-60.co.uk.
awsdns-60.co.uk.	172800	IN	NS	g-ns-956.awsdns-60.co.uk.
awsdns-60.co.uk.	172800	IN	NS	g-ns-1216.awsdns-60.co.uk.
awsdns-60.co.uk.	172800	IN	NS	g-ns-1537.awsdns-60.co.uk.
ns-2021.awsdns-60.co.uk.	172800	IN	A	205.251.199.229
awsdns-60.co.uk.	172800	IN	NS	g-ns-1216.awsdns-60.co.uk.
awsdns-60.co.uk.	172800	IN	NS	g-ns-1537.awsdns-60.co.uk.
awsdns-60.co.uk.	172800	IN	NS	g-ns-380.awsdns-60.co.uk.
awsdns-60.co.uk.	172800	IN	NS	g-ns-956.awsdns-60.co.uk.
