.	518400	IN	NS	h.root-servers.net.
.	518400	IN	NS	b.root-servers.net.
.	518400	IN	NS	g.root-servers.net.
.	518400	IN	NS	f.root-servers.net.
.	518400	IN	NS	a.root-servers.net.
.	518400	IN	NS	d.root-servers.net.
.	518400	IN	NS	l.root-servers.net.
.	518400	IN	NS	e.root-servers.net.
.	518400	IN	NS	k.root-servers.net.
.	518400	IN	NS	j.root-servers.net.
.	518400	IN	NS	i.root-servers.net.
.	518400	IN	NS	c.root-servers.net.
.	518400	IN	NS	m.root-servers.net.
com.	172800	IN	NS	a.gtld-servers.net.
com.	172800	IN	NS	b.gtld-servers.net.
com.	172800	IN	NS	c.gtld-servers.net.
com.	172800	IN	NS	d.gtld-servers.net.
com.	172800	IN	NS	e.gtld-servers.net.
com.	172800	IN	NS	f.gtld-servers.net.
com.	172800	IN	NS	g.gtld-servers.net.
com.	172800	IN	NS	h.gtld-servers.net.
com.	172800	IN	NS	i.gtld-servers.net.
com.	172800	IN	NS	j.gtld-servers.net.
com.	172800	IN	NS	k.gtld-servers.net.
com.	172800	IN	NS	l.gtld-servers.net.
com.	172800	IN	NS	m.gtld-servers.net.
awsdns-16.com.	172800	IN	NS	g-ns-17.awsdns-16.com.
awsdns-16.com.	172800	IN	NS	g-ns-592.awsdns-16.com.
awsdns-16.com.	172800	IN	NS	g-ns-1168.awsdns-16.com.
awsdns-16.com.	172800	IN	NS	g-ns-1744.awsdns-16.com.
ns-130.awsdns-16.com.	172800	IN	AAAA	2600:9000:5300:8200::1
awsdns-16.com.	172800	IN	NS	g-ns-1168.awsdns-16.com.
awsdns-16.com.	172800	IN	NS	g-ns-17.awsdns-16.com.
awsdns-16.com.	172800	IN	NS	g-ns-1744.awsdns-16.com.
awsdns-16.com.	172800	IN	NS	g-ns-592.awsdns-16.com.
