.	518400	IN	NS	a.root-servers.net.
.	518400	IN	NS	b.root-servers.net.
.	518400	IN	NS	c.root-servers.net.
.	518400	IN	NS	d.root-servers.net.
.	518400	IN	NS	e.root-servers.net.
.	518400	IN	NS	f.root-servers.net.
.	518400	IN	NS	g.root-servers.net.
.	518400	IN	NS	h.root-servers.net.
.	518400	IN	NS	i.root-servers.net.
.	518400	IN	NS	j.root-servers.net.
.	518400	IN	NS	k.root-servers.net.
.	518400	IN	NS	l.root-servers.net.
.	518400	IN	NS	m.root-servers.net.
cn.	172800	IN	NS	ns.cernet.net.
cn.	172800	IN	NS	b.dns.cn.
cn.	172800	IN	NS	g.dns.cn.
cn.	172800	IN	NS	a.dns.cn.
cn.	172800	IN	NS	d.dns.cn.
cn.	172800	IN	NS	c.dns.cn.
cn.	172800	IN	NS	e.dns.cn.
cn.	172800	IN	NS	f.dns.cn.
c.dns.cn.	86400	IN	A	203.119.27.1
dns.cn.	86400	IN	NS	b.dns.cn.
dns.cn.	86400	IN	NS	e.dns.cn.
dns.cn.	86400	IN	NS	a.dns.cn.
dns.cn.	86400	IN	NS	d.dns.cn.
dns.cn.	86400	IN	NS	c.dns.cn.
