.	518400	IN	NS	e.root-servers.net.
.	518400	IN	NS	b.root-servers.net.
.	518400	IN	NS	g.root-servers.net.
.	518400	IN	NS	h.root-servers.net.
.	518400	IN	NS	l.root-servers.net.
.	518400	IN	NS	a.root-servers.net.
.	518400	IN	NS	d.root-servers.net.
.	518400	IN	NS	k.root-servers.net.
.	518400	IN	NS	m.root-servers.net.
.	518400	IN	NS	j.root-servers.net.
.	518400	IN	NS	c.root-servers.net.
.	518400	IN	NS	i.root-servers.net.
.	518400	IN	NS	f.root-servers.net.
org.	172800	IN	NS	b2.org.afilias-nst.org.
org.	172800	IN	NS	b0.org.afilias-nst.org.
org.	172800	IN	NS	c0.org.afilias-nst.info.
org.	172800	IN	NS	d0.org.afilias-nst.org.
org.	172800	IN	NS	a2.org.afilias-nst.info.
org.	172800	IN	NS	a0.org.afilias-nst.info.
awsdns-15.org.	86400	IN	NS	g-ns-143.awsdns-15.org.
awsdns-15.org.	86400	IN	NS	g-ns-721.awsdns-15.org.
awsdns-15.org.	86400	IN	NS	g-ns-1042.awsdns-15.org.
awsdns-15.org.	86400	IN	NS	g-ns-1615.awsdns-15.org.
ns-1144.awsdns-15.org.	172800	IN	A	205.251.196.120
awsdns-15.org.	172800	IN	NS	g-ns-1042.awsdns-15.org.
awsdns-15.org.	172800	IN	NS	g-ns-143.awsdns-15.org.
awsdns-15.org.	172800	IN	NS	g-ns-1615.awsdns-15.org.
awsdns-15.org.	172800	IN	NS	g-ns-721.awsdns-15.org.
