.	518400	IN	NS	a.root-servers.net.
.	518400	IN	NS	b.root-servers.net.
.	518400	IN	NS	c.root-servers.net.
.	518400	IN	NS	d.root-servers.net.
.	518400	IN	NS	e.root-servers.net.
.	518400	IN	NS	f.root-servers.net.
.	518400	IN	NS	g.root-servers.net.
.	518400	IN	NS	h.root-servers.net.
.	518400	IN	NS	i.root-servers.net.
.	518400	IN	NS	j.root-servers.net.
.	518400	IN	NS	k.root-servers.net.
.	518400	IN	NS	l.root-servers.net.
.	518400	IN	NS	m.root-servers.net.
cn.	172800	IN	NS	a.dns.cn.
cn.	172800	IN	NS	b.dns.cn.
cn.	172800	IN	NS	c.dns.cn.
cn.	172800	IN	NS	d.dns.cn.
cn.	172800	IN	NS	e.dns.cn.
cn.	172800	IN	NS	f.dns.cn.
cn.	172800	IN	NS	g.dns.cn.
cn.	172800	IN	NS	ns.cernet.net.
sina.com.cn.	86400	IN	NS	ns3.sina.com.cn.
sina.com.cn.	86400	IN	NS	ns2.sina.com.cn.
sina.com.cn.	86400	IN	NS	ns1.sina.com.cn.
sina.com.cn.	86400	IN	NS	ns4.sina.com.cn.
sina.com.cn.	600	IN	SOA	ns1.sina.com.cn. zhihao.staff.sina.com.cn. 5 1800 600 604801 600
